{"total": {"lines":{"total":5970,"covered":2279,"skipped":0,"pct":38.17},"statements":{"total":5970,"covered":2279,"skipped":0,"pct":38.17},"functions":{"total":188,"covered":128,"skipped":0,"pct":68.08},"branches":{"total":520,"covered":396,"skipped":0,"pct":76.15},"branchesTrue":{"total":0,"covered":0,"skipped":0,"pct":100}}
,"/Users/fibonacci/SW_Dev/Antigravity_Dev/speaksharp/frontend/postcss.config.cjs": {"lines":{"total":6,"covered":0,"skipped":0,"pct":0},"functions":{"total":1,"covered":0,"skipped":0,"pct":0},"statements":{"total":6,"covered":0,"skipped":0,"pct":0},"branches":{"total":1,"covered":0,"skipped":0,"pct":0}}
,"/Users/fibonacci/SW_Dev/Antigravity_Dev/speaksharp/frontend/tailwind.config.js": {"lines":{"total":118,"covered":0,"skipped":0,"pct":0},"functions":{"total":1,"covered":0,"skipped":0,"pct":0},"statements":{"total":118,"covered":0,"skipped":0,"pct":0},"branches":{"total":1,"covered":0,"skipped":0,"pct":0}}
,"/Users/fibonacci/SW_Dev/Antigravity_Dev/speaksharp/frontend/tailwind.config.ts": {"lines":{"total":118,"covered":0,"skipped":0,"pct":0},"functions":{"total":1,"covered":1,"skipped":0,"pct":100},"statements":{"total":118,"covered":0,"skipped":0,"pct":0},"branches":{"total":1,"covered":1,"skipped":0,"pct":100}}
,"/Users/fibonacci/SW_Dev/Antigravity_Dev/speaksharp/frontend/html/assets/index-D_ryMEPs.js": {"lines":{"total":57,"covered":0,"skipped":0,"pct":0},"functions":{"total":1,"covered":0,"skipped":0,"pct":0},"statements":{"total":57,"covered":0,"skipped":0,"pct":0},"branches":{"total":1,"covered":0,"skipped":0,"pct":0}}
,"/Users/fibonacci/SW_Dev/Antigravity_Dev/speaksharp/frontend/public/mockServiceWorker.js": {"lines":{"total":297,"covered":0,"skipped":0,"pct":0},"functions":{"total":1,"covered":0,"skipped":0,"pct":0},"statements":{"total":297,"covered":0,"skipped":0,"pct":0},"branches":{"total":1,"covered":0,"skipped":0,"pct":0}}
,"/Users/fibonacci/SW_Dev/Antigravity_Dev/speaksharp/frontend/src/App.tsx": {"lines":{"total":36,"covered":0,"skipped":0,"pct":0},"functions":{"total":1,"covered":0,"skipped":0,"pct":0},"statements":{"total":36,"covered":0,"skipped":0,"pct":0},"branches":{"total":1,"covered":0,"skipped":0,"pct":0}}
,"/Users/fibonacci/SW_Dev/Antigravity_Dev/speaksharp/frontend/src/config.ts": {"lines":{"total":36,"covered":36,"skipped":0,"pct":100},"functions":{"total":0,"covered":0,"skipped":0,"pct":100},"statements":{"total":36,"covered":36,"skipped":0,"pct":100},"branches":{"total":0,"covered":0,"skipped":0,"pct":100}}
,"/Users/fibonacci/SW_Dev/Antigravity_Dev/speaksharp/frontend/src/main.tsx": {"lines":{"total":145,"covered":0,"skipped":0,"pct":0},"functions":{"total":1,"covered":1,"skipped":0,"pct":100},"statements":{"total":145,"covered":0,"skipped":0,"pct":0},"branches":{"total":1,"covered":1,"skipped":0,"pct":100}}
,"/Users/fibonacci/SW_Dev/Antigravity_Dev/speaksharp/frontend/src/components/AnalyticsDashboard.tsx": {"lines":{"total":166,"covered":147,"skipped":0,"pct":88.55},"functions":{"total":8,"covered":5,"skipped":0,"pct":62.5},"statements":{"total":166,"covered":147,"skipped":0,"pct":88.55},"branches":{"total":24,"covered":18,"skipped":0,"pct":75}}
,"/Users/fibonacci/SW_Dev/Antigravity_Dev/speaksharp/frontend/src/components/BrowserWarning.tsx": {"lines":{"total":18,"covered":0,"skipped":0,"pct":0},"functions":{"total":1,"covered":1,"skipped":0,"pct":100},"statements":{"total":18,"covered":0,"skipped":0,"pct":0},"branches":{"total":1,"covered":1,"skipped":0,"pct":100}}
,"/Users/fibonacci/SW_Dev/Antigravity_Dev/speaksharp/frontend/src/components/ErrorBoundary.tsx": {"lines":{"total":38,"covered":0,"skipped":0,"pct":0},"functions":{"total":1,"covered":0,"skipped":0,"pct":0},"statements":{"total":38,"covered":0,"skipped":0,"pct":0},"branches":{"total":1,"covered":0,"skipped":0,"pct":0}}
,"/Users/fibonacci/SW_Dev/Antigravity_Dev/speaksharp/frontend/src/components/ErrorDisplay.tsx": {"lines":{"total":16,"covered":16,"skipped":0,"pct":100},"functions":{"total":1,"covered":1,"skipped":0,"pct":100},"statements":{"total":16,"covered":16,"skipped":0,"pct":100},"branches":{"total":6,"covered":4,"skipped":0,"pct":66.66}}
,"/Users/fibonacci/SW_Dev/Antigravity_Dev/speaksharp/frontend/src/components/Header.tsx": {"lines":{"total":37,"covered":0,"skipped":0,"pct":0},"functions":{"total":1,"covered":1,"skipped":0,"pct":100},"statements":{"total":37,"covered":0,"skipped":0,"pct":0},"branches":{"total":1,"covered":1,"skipped":0,"pct":100}}
,"/Users/fibonacci/SW_Dev/Antigravity_Dev/speaksharp/frontend/src/components/Navigation.tsx": {"lines":{"total":86,"covered":0,"skipped":0,"pct":0},"functions":{"total":1,"covered":0,"skipped":0,"pct":0},"statements":{"total":86,"covered":0,"skipped":0,"pct":0},"branches":{"total":1,"covered":0,"skipped":0,"pct":0}}
,"/Users/fibonacci/SW_Dev/Antigravity_Dev/speaksharp/frontend/src/components/ProtectedRoute.tsx": {"lines":{"total":13,"covered":0,"skipped":0,"pct":0},"functions":{"total":1,"covered":1,"skipped":0,"pct":100},"statements":{"total":13,"covered":0,"skipped":0,"pct":0},"branches":{"total":1,"covered":1,"skipped":0,"pct":100}}
,"/Users/fibonacci/SW_Dev/Antigravity_Dev/speaksharp/frontend/src/components/SessionStatus.tsx": {"lines":{"total":22,"covered":0,"skipped":0,"pct":0},"functions":{"total":1,"covered":1,"skipped":0,"pct":100},"statements":{"total":22,"covered":0,"skipped":0,"pct":0},"branches":{"total":1,"covered":1,"skipped":0,"pct":100}}
,"/Users/fibonacci/SW_Dev/Antigravity_Dev/speaksharp/frontend/src/components/SideNav.tsx": {"lines":{"total":45,"covered":0,"skipped":0,"pct":0},"functions":{"total":1,"covered":1,"skipped":0,"pct":100},"statements":{"total":45,"covered":0,"skipped":0,"pct":0},"branches":{"total":1,"covered":1,"skipped":0,"pct":100}}
,"/Users/fibonacci/SW_Dev/Antigravity_Dev/speaksharp/frontend/src/components/UpgradePromptDialog.tsx": {"lines":{"total":32,"covered":30,"skipped":0,"pct":93.75},"functions":{"total":2,"covered":2,"skipped":0,"pct":100},"statements":{"total":32,"covered":30,"skipped":0,"pct":93.75},"branches":{"total":5,"covered":2,"skipped":0,"pct":40}}
,"/Users/fibonacci/SW_Dev/Antigravity_Dev/speaksharp/frontend/src/components/analytics/AccuracyComparison.tsx": {"lines":{"total":46,"covered":46,"skipped":0,"pct":100},"functions":{"total":1,"covered":1,"skipped":0,"pct":100},"statements":{"total":46,"covered":46,"skipped":0,"pct":100},"branches":{"total":10,"covered":10,"skipped":0,"pct":100}}
,"/Users/fibonacci/SW_Dev/Antigravity_Dev/speaksharp/frontend/src/components/analytics/FillerWordTable.tsx": {"lines":{"total":50,"covered":0,"skipped":0,"pct":0},"functions":{"total":1,"covered":1,"skipped":0,"pct":100},"statements":{"total":50,"covered":0,"skipped":0,"pct":0},"branches":{"total":1,"covered":1,"skipped":0,"pct":100}}
,"/Users/fibonacci/SW_Dev/Antigravity_Dev/speaksharp/frontend/src/components/analytics/GoalsSection.tsx": {"lines":{"total":37,"covered":37,"skipped":0,"pct":100},"functions":{"total":1,"covered":1,"skipped":0,"pct":100},"statements":{"total":37,"covered":37,"skipped":0,"pct":100},"branches":{"total":1,"covered":1,"skipped":0,"pct":100}}
,"/Users/fibonacci/SW_Dev/Antigravity_Dev/speaksharp/frontend/src/components/analytics/TopFillerWords.tsx": {"lines":{"total":41,"covered":41,"skipped":0,"pct":100},"functions":{"total":1,"covered":1,"skipped":0,"pct":100},"statements":{"total":41,"covered":41,"skipped":0,"pct":100},"branches":{"total":8,"covered":8,"skipped":0,"pct":100}}
,"/Users/fibonacci/SW_Dev/Antigravity_Dev/speaksharp/frontend/src/components/analytics/WeeklyActivityChart.tsx": {"lines":{"total":35,"covered":35,"skipped":0,"pct":100},"functions":{"total":1,"covered":1,"skipped":0,"pct":100},"statements":{"total":35,"covered":35,"skipped":0,"pct":100},"branches":{"total":1,"covered":1,"skipped":0,"pct":100}}
,"/Users/fibonacci/SW_Dev/Antigravity_Dev/speaksharp/frontend/src/components/landing/FeaturesSection.tsx": {"lines":{"total":70,"covered":0,"skipped":0,"pct":0},"functions":{"total":1,"covered":1,"skipped":0,"pct":100},"statements":{"total":70,"covered":0,"skipped":0,"pct":0},"branches":{"total":1,"covered":1,"skipped":0,"pct":100}}
,"/Users/fibonacci/SW_Dev/Antigravity_Dev/speaksharp/frontend/src/components/landing/HeroSection.tsx": {"lines":{"total":56,"covered":0,"skipped":0,"pct":0},"functions":{"total":1,"covered":1,"skipped":0,"pct":100},"statements":{"total":56,"covered":0,"skipped":0,"pct":0},"branches":{"total":1,"covered":1,"skipped":0,"pct":100}}
,"/Users/fibonacci/SW_Dev/Antigravity_Dev/speaksharp/frontend/src/components/landing/LandingFooter.tsx": {"lines":{"total":21,"covered":0,"skipped":0,"pct":0},"functions":{"total":1,"covered":1,"skipped":0,"pct":100},"statements":{"total":21,"covered":0,"skipped":0,"pct":0},"branches":{"total":1,"covered":1,"skipped":0,"pct":100}}
,"/Users/fibonacci/SW_Dev/Antigravity_Dev/speaksharp/frontend/src/components/landing/LandingHeader.tsx": {"lines":{"total":21,"covered":0,"skipped":0,"pct":0},"functions":{"total":1,"covered":1,"skipped":0,"pct":100},"statements":{"total":21,"covered":0,"skipped":0,"pct":0},"branches":{"total":1,"covered":1,"skipped":0,"pct":100}}
,"/Users/fibonacci/SW_Dev/Antigravity_Dev/speaksharp/frontend/src/components/landing/TestimonialsSection.tsx": {"lines":{"total":45,"covered":0,"skipped":0,"pct":0},"functions":{"total":1,"covered":1,"skipped":0,"pct":100},"statements":{"total":45,"covered":0,"skipped":0,"pct":0},"branches":{"total":1,"covered":1,"skipped":0,"pct":100}}
,"/Users/fibonacci/SW_Dev/Antigravity_Dev/speaksharp/frontend/src/components/session/AISuggestions.tsx": {"lines":{"total":89,"covered":85,"skipped":0,"pct":95.5},"functions":{"total":2,"covered":2,"skipped":0,"pct":100},"statements":{"total":89,"covered":85,"skipped":0,"pct":95.5},"branches":{"total":18,"covered":15,"skipped":0,"pct":83.33}}
,"/Users/fibonacci/SW_Dev/Antigravity_Dev/speaksharp/frontend/src/components/session/CustomVocabularyManager.tsx": {"lines":{"total":103,"covered":0,"skipped":0,"pct":0},"functions":{"total":1,"covered":0,"skipped":0,"pct":0},"statements":{"total":103,"covered":0,"skipped":0,"pct":0},"branches":{"total":1,"covered":0,"skipped":0,"pct":0}}
,"/Users/fibonacci/SW_Dev/Antigravity_Dev/speaksharp/frontend/src/components/session/FillerWordAnalysis.tsx": {"lines":{"total":86,"covered":85,"skipped":0,"pct":98.83},"functions":{"total":5,"covered":5,"skipped":0,"pct":100},"statements":{"total":86,"covered":85,"skipped":0,"pct":98.83},"branches":{"total":19,"covered":16,"skipped":0,"pct":84.21}}
,"/Users/fibonacci/SW_Dev/Antigravity_Dev/speaksharp/frontend/src/components/session/PauseMetricsDisplay.tsx": {"lines":{"total":49,"covered":0,"skipped":0,"pct":0},"functions":{"total":1,"covered":1,"skipped":0,"pct":100},"statements":{"total":49,"covered":0,"skipped":0,"pct":0},"branches":{"total":1,"covered":1,"skipped":0,"pct":100}}
,"/Users/fibonacci/SW_Dev/Antigravity_Dev/speaksharp/frontend/src/components/session/SessionSidebar.tsx": {"lines":{"total":199,"covered":157,"skipped":0,"pct":78.89},"functions":{"total":9,"covered":7,"skipped":0,"pct":77.77},"statements":{"total":199,"covered":157,"skipped":0,"pct":78.89},"branches":{"total":50,"covered":38,"skipped":0,"pct":76}}
,"/Users/fibonacci/SW_Dev/Antigravity_Dev/speaksharp/frontend/src/components/session/SpeakingTips.tsx": {"lines":{"total":53,"covered":0,"skipped":0,"pct":0},"functions":{"total":1,"covered":0,"skipped":0,"pct":0},"statements":{"total":53,"covered":0,"skipped":0,"pct":0},"branches":{"total":1,"covered":0,"skipped":0,"pct":0}}
,"/Users/fibonacci/SW_Dev/Antigravity_Dev/speaksharp/frontend/src/components/session/StatefulPanel.tsx": {"lines":{"total":25,"covered":25,"skipped":0,"pct":100},"functions":{"total":3,"covered":3,"skipped":0,"pct":100},"statements":{"total":25,"covered":25,"skipped":0,"pct":100},"branches":{"total":4,"covered":3,"skipped":0,"pct":75}}
,"/Users/fibonacci/SW_Dev/Antigravity_Dev/speaksharp/frontend/src/components/session/TranscriptPanel.tsx": {"lines":{"total":100,"covered":97,"skipped":0,"pct":97},"functions":{"total":5,"covered":5,"skipped":0,"pct":100},"statements":{"total":100,"covered":97,"skipped":0,"pct":97},"branches":{"total":42,"covered":41,"skipped":0,"pct":97.61}}
,"/Users/fibonacci/SW_Dev/Antigravity_Dev/speaksharp/frontend/src/components/ui/alert-dialog.tsx": {"lines":{"total":80,"covered":80,"skipped":0,"pct":100},"functions":{"total":2,"covered":2,"skipped":0,"pct":100},"statements":{"total":80,"covered":80,"skipped":0,"pct":100},"branches":{"total":8,"covered":8,"skipped":0,"pct":100}}
,"/Users/fibonacci/SW_Dev/Antigravity_Dev/speaksharp/frontend/src/components/ui/alert.tsx": {"lines":{"total":37,"covered":37,"skipped":0,"pct":100},"functions":{"total":0,"covered":0,"skipped":0,"pct":100},"statements":{"total":37,"covered":37,"skipped":0,"pct":100},"branches":{"total":1,"covered":1,"skipped":0,"pct":100}}
,"/Users/fibonacci/SW_Dev/Antigravity_Dev/speaksharp/frontend/src/components/ui/badge-variants.ts": {"lines":{"total":27,"covered":27,"skipped":0,"pct":100},"functions":{"total":0,"covered":0,"skipped":0,"pct":100},"statements":{"total":27,"covered":27,"skipped":0,"pct":100},"branches":{"total":0,"covered":0,"skipped":0,"pct":100}}
,"/Users/fibonacci/SW_Dev/Antigravity_Dev/speaksharp/frontend/src/components/ui/badge.tsx": {"lines":{"total":9,"covered":7,"skipped":0,"pct":77.77},"functions":{"total":0,"covered":0,"skipped":0,"pct":100},"statements":{"total":9,"covered":7,"skipped":0,"pct":77.77},"branches":{"total":0,"covered":0,"skipped":0,"pct":100}}
,"/Users/fibonacci/SW_Dev/Antigravity_Dev/speaksharp/frontend/src/components/ui/button-variants.ts": {"lines":{"total":28,"covered":28,"skipped":0,"pct":100},"functions":{"total":0,"covered":0,"skipped":0,"pct":100},"statements":{"total":28,"covered":28,"skipped":0,"pct":100},"branches":{"total":0,"covered":0,"skipped":0,"pct":100}}
,"/Users/fibonacci/SW_Dev/Antigravity_Dev/speaksharp/frontend/src/components/ui/button.tsx": {"lines":{"total":16,"covered":16,"skipped":0,"pct":100},"functions":{"total":0,"covered":0,"skipped":0,"pct":100},"statements":{"total":16,"covered":16,"skipped":0,"pct":100},"branches":{"total":2,"covered":1,"skipped":0,"pct":50}}
,"/Users/fibonacci/SW_Dev/Antigravity_Dev/speaksharp/frontend/src/components/ui/card.tsx": {"lines":{"total":69,"covered":57,"skipped":0,"pct":82.6},"functions":{"total":0,"covered":0,"skipped":0,"pct":100},"statements":{"total":69,"covered":57,"skipped":0,"pct":82.6},"branches":{"total":4,"covered":4,"skipped":0,"pct":100}}
,"/Users/fibonacci/SW_Dev/Antigravity_Dev/speaksharp/frontend/src/components/ui/checkbox.tsx": {"lines":{"total":20,"covered":0,"skipped":0,"pct":0},"functions":{"total":1,"covered":1,"skipped":0,"pct":100},"statements":{"total":20,"covered":0,"skipped":0,"pct":0},"branches":{"total":1,"covered":1,"skipped":0,"pct":100}}
,"/Users/fibonacci/SW_Dev/Antigravity_Dev/speaksharp/frontend/src/components/ui/drawer.tsx": {"lines":{"total":80,"covered":0,"skipped":0,"pct":0},"functions":{"total":1,"covered":1,"skipped":0,"pct":100},"statements":{"total":80,"covered":0,"skipped":0,"pct":0},"branches":{"total":1,"covered":1,"skipped":0,"pct":100}}
,"/Users/fibonacci/SW_Dev/Antigravity_Dev/speaksharp/frontend/src/components/ui/dropdown-menu.tsx": {"lines":{"total":138,"covered":66,"skipped":0,"pct":47.82},"functions":{"total":1,"covered":0,"skipped":0,"pct":0},"statements":{"total":138,"covered":66,"skipped":0,"pct":47.82},"branches":{"total":2,"covered":2,"skipped":0,"pct":100}}
,"/Users/fibonacci/SW_Dev/Antigravity_Dev/speaksharp/frontend/src/components/ui/input.tsx": {"lines":{"total":17,"covered":17,"skipped":0,"pct":100},"functions":{"total":0,"covered":0,"skipped":0,"pct":100},"statements":{"total":17,"covered":17,"skipped":0,"pct":100},"branches":{"total":1,"covered":1,"skipped":0,"pct":100}}
,"/Users/fibonacci/SW_Dev/Antigravity_Dev/speaksharp/frontend/src/components/ui/label.tsx": {"lines":{"total":16,"covered":16,"skipped":0,"pct":100},"functions":{"total":0,"covered":0,"skipped":0,"pct":100},"statements":{"total":16,"covered":16,"skipped":0,"pct":100},"branches":{"total":1,"covered":1,"skipped":0,"pct":100}}
,"/Users/fibonacci/SW_Dev/Antigravity_Dev/speaksharp/frontend/src/components/ui/progress.tsx": {"lines":{"total":19,"covered":19,"skipped":0,"pct":100},"functions":{"total":0,"covered":0,"skipped":0,"pct":100},"statements":{"total":19,"covered":19,"skipped":0,"pct":100},"branches":{"total":2,"covered":2,"skipped":0,"pct":100}}
,"/Users/fibonacci/SW_Dev/Antigravity_Dev/speaksharp/frontend/src/components/ui/sheet.tsx": {"lines":{"total":98,"covered":0,"skipped":0,"pct":0},"functions":{"total":1,"covered":1,"skipped":0,"pct":100},"statements":{"total":98,"covered":0,"skipped":0,"pct":0},"branches":{"total":1,"covered":1,"skipped":0,"pct":100}}
,"/Users/fibonacci/SW_Dev/Antigravity_Dev/speaksharp/frontend/src/components/ui/skeleton.tsx": {"lines":{"total":12,"covered":12,"skipped":0,"pct":100},"functions":{"total":1,"covered":1,"skipped":0,"pct":100},"statements":{"total":12,"covered":12,"skipped":0,"pct":100},"branches":{"total":1,"covered":1,"skipped":0,"pct":100}}
,"/Users/fibonacci/SW_Dev/Antigravity_Dev/speaksharp/frontend/src/components/ui/sonner.tsx": {"lines":{"total":22,"covered":0,"skipped":0,"pct":0},"functions":{"total":1,"covered":1,"skipped":0,"pct":100},"statements":{"total":22,"covered":0,"skipped":0,"pct":0},"branches":{"total":1,"covered":1,"skipped":0,"pct":100}}
,"/Users/fibonacci/SW_Dev/Antigravity_Dev/speaksharp/frontend/src/components/ui/switch.tsx": {"lines":{"total":20,"covered":0,"skipped":0,"pct":0},"functions":{"total":1,"covered":1,"skipped":0,"pct":100},"statements":{"total":20,"covered":0,"skipped":0,"pct":0},"branches":{"total":1,"covered":1,"skipped":0,"pct":100}}
,"/Users/fibonacci/SW_Dev/Antigravity_Dev/speaksharp/frontend/src/components/ui/toast.tsx": {"lines":{"total":35,"covered":0,"skipped":0,"pct":0},"functions":{"total":1,"covered":1,"skipped":0,"pct":100},"statements":{"total":35,"covered":0,"skipped":0,"pct":0},"branches":{"total":1,"covered":1,"skipped":0,"pct":100}}
,"/Users/fibonacci/SW_Dev/Antigravity_Dev/speaksharp/frontend/src/config/env.ts": {"lines":{"total":12,"covered":0,"skipped":0,"pct":0},"functions":{"total":1,"covered":1,"skipped":0,"pct":100},"statements":{"total":12,"covered":0,"skipped":0,"pct":0},"branches":{"total":1,"covered":1,"skipped":0,"pct":100}}
,"/Users/fibonacci/SW_Dev/Antigravity_Dev/speaksharp/frontend/src/contexts/AuthContext.tsx": {"lines":{"total":2,"covered":0,"skipped":0,"pct":0},"functions":{"total":1,"covered":0,"skipped":0,"pct":0},"statements":{"total":2,"covered":0,"skipped":0,"pct":0},"branches":{"total":1,"covered":0,"skipped":0,"pct":0}}
,"/Users/fibonacci/SW_Dev/Antigravity_Dev/speaksharp/frontend/src/contexts/AuthProvider.tsx": {"lines":{"total":83,"covered":6,"skipped":0,"pct":7.22},"functions":{"total":2,"covered":0,"skipped":0,"pct":0},"statements":{"total":83,"covered":6,"skipped":0,"pct":7.22},"branches":{"total":0,"covered":0,"skipped":0,"pct":100}}
,"/Users/fibonacci/SW_Dev/Antigravity_Dev/speaksharp/frontend/src/hooks/useAnalytics.ts": {"lines":{"total":84,"covered":78,"skipped":0,"pct":92.85},"functions":{"total":3,"covered":3,"skipped":0,"pct":100},"statements":{"total":84,"covered":78,"skipped":0,"pct":92.85},"branches":{"total":27,"covered":22,"skipped":0,"pct":81.48}}
,"/Users/fibonacci/SW_Dev/Antigravity_Dev/speaksharp/frontend/src/hooks/useBrowserSupport.ts": {"lines":{"total":21,"covered":0,"skipped":0,"pct":0},"functions":{"total":1,"covered":0,"skipped":0,"pct":0},"statements":{"total":21,"covered":0,"skipped":0,"pct":0},"branches":{"total":1,"covered":0,"skipped":0,"pct":0}}
,"/Users/fibonacci/SW_Dev/Antigravity_Dev/speaksharp/frontend/src/hooks/useCustomVocabulary.ts": {"lines":{"total":78,"covered":0,"skipped":0,"pct":0},"functions":{"total":1,"covered":0,"skipped":0,"pct":0},"statements":{"total":78,"covered":0,"skipped":0,"pct":0},"branches":{"total":1,"covered":0,"skipped":0,"pct":0}}
,"/Users/fibonacci/SW_Dev/Antigravity_Dev/speaksharp/frontend/src/hooks/usePracticeHistory.ts": {"lines":{"total":11,"covered":0,"skipped":0,"pct":0},"functions":{"total":1,"covered":0,"skipped":0,"pct":0},"statements":{"total":11,"covered":0,"skipped":0,"pct":0},"branches":{"total":1,"covered":0,"skipped":0,"pct":0}}
,"/Users/fibonacci/SW_Dev/Antigravity_Dev/speaksharp/frontend/src/hooks/useSessionManager.ts": {"lines":{"total":75,"covered":68,"skipped":0,"pct":90.66},"functions":{"total":4,"covered":4,"skipped":0,"pct":100},"statements":{"total":75,"covered":68,"skipped":0,"pct":90.66},"branches":{"total":17,"covered":12,"skipped":0,"pct":70.58}}
,"/Users/fibonacci/SW_Dev/Antigravity_Dev/speaksharp/frontend/src/hooks/useUserProfile.ts": {"lines":{"total":34,"covered":5,"skipped":0,"pct":14.7},"functions":{"total":2,"covered":0,"skipped":0,"pct":0},"statements":{"total":34,"covered":5,"skipped":0,"pct":14.7},"branches":{"total":0,"covered":0,"skipped":0,"pct":100}}
,"/Users/fibonacci/SW_Dev/Antigravity_Dev/speaksharp/frontend/src/hooks/useVocalAnalysis.ts": {"lines":{"total":47,"covered":25,"skipped":0,"pct":53.19},"functions":{"total":3,"covered":1,"skipped":0,"pct":33.33},"statements":{"total":47,"covered":25,"skipped":0,"pct":53.19},"branches":{"total":8,"covered":3,"skipped":0,"pct":37.5}}
,"/Users/fibonacci/SW_Dev/Antigravity_Dev/speaksharp/frontend/src/hooks/useSpeechRecognition/index.ts": {"lines":{"total":188,"covered":111,"skipped":0,"pct":59.04},"functions":{"total":5,"covered":2,"skipped":0,"pct":40},"statements":{"total":188,"covered":111,"skipped":0,"pct":59.04},"branches":{"total":19,"covered":15,"skipped":0,"pct":78.94}}
,"/Users/fibonacci/SW_Dev/Antigravity_Dev/speaksharp/frontend/src/hooks/useSpeechRecognition/types.ts": {"lines":{"total":0,"covered":0,"skipped":0,"pct":100},"functions":{"total":1,"covered":1,"skipped":0,"pct":100},"statements":{"total":0,"covered":0,"skipped":0,"pct":100},"branches":{"total":1,"covered":1,"skipped":0,"pct":100}}
,"/Users/fibonacci/SW_Dev/Antigravity_Dev/speaksharp/frontend/src/hooks/useSpeechRecognition/useFillerWords.ts": {"lines":{"total":48,"covered":44,"skipped":0,"pct":91.66},"functions":{"total":1,"covered":1,"skipped":0,"pct":100},"statements":{"total":48,"covered":44,"skipped":0,"pct":91.66},"branches":{"total":13,"covered":10,"skipped":0,"pct":76.92}}
,"/Users/fibonacci/SW_Dev/Antigravity_Dev/speaksharp/frontend/src/hooks/useSpeechRecognition/useTranscriptState.ts": {"lines":{"total":29,"covered":29,"skipped":0,"pct":100},"functions":{"total":1,"covered":1,"skipped":0,"pct":100},"statements":{"total":29,"covered":29,"skipped":0,"pct":100},"branches":{"total":5,"covered":5,"skipped":0,"pct":100}}
,"/Users/fibonacci/SW_Dev/Antigravity_Dev/speaksharp/frontend/src/hooks/useSpeechRecognition/useTranscriptionService.ts": {"lines":{"total":109,"covered":95,"skipped":0,"pct":87.15},"functions":{"total":4,"covered":3,"skipped":0,"pct":75},"statements":{"total":109,"covered":95,"skipped":0,"pct":87.15},"branches":{"total":19,"covered":13,"skipped":0,"pct":68.42}}
,"/Users/fibonacci/SW_Dev/Antigravity_Dev/speaksharp/frontend/src/hooks/useSpeechRecognition/utils.ts": {"lines":{"total":11,"covered":11,"skipped":0,"pct":100},"functions":{"total":4,"covered":4,"skipped":0,"pct":100},"statements":{"total":11,"covered":11,"skipped":0,"pct":100},"branches":{"total":7,"covered":7,"skipped":0,"pct":100}}
,"/Users/fibonacci/SW_Dev/Antigravity_Dev/speaksharp/frontend/src/lib/analyticsUtils.ts": {"lines":{"total":33,"covered":33,"skipped":0,"pct":100},"functions":{"total":2,"covered":2,"skipped":0,"pct":100},"statements":{"total":33,"covered":33,"skipped":0,"pct":100},"branches":{"total":25,"covered":13,"skipped":0,"pct":52}}
,"/Users/fibonacci/SW_Dev/Antigravity_Dev/speaksharp/frontend/src/lib/canvas.ts": {"lines":{"total":12,"covered":0,"skipped":0,"pct":0},"functions":{"total":1,"covered":1,"skipped":0,"pct":100},"statements":{"total":12,"covered":0,"skipped":0,"pct":0},"branches":{"total":1,"covered":1,"skipped":0,"pct":100}}
,"/Users/fibonacci/SW_Dev/Antigravity_Dev/speaksharp/frontend/src/lib/dateUtils.ts": {"lines":{"total":31,"covered":31,"skipped":0,"pct":100},"functions":{"total":2,"covered":2,"skipped":0,"pct":100},"statements":{"total":31,"covered":31,"skipped":0,"pct":100},"branches":{"total":9,"covered":9,"skipped":0,"pct":100}}
,"/Users/fibonacci/SW_Dev/Antigravity_Dev/speaksharp/frontend/src/lib/logger.ts": {"lines":{"total":14,"covered":8,"skipped":0,"pct":57.14},"functions":{"total":0,"covered":0,"skipped":0,"pct":100},"statements":{"total":14,"covered":8,"skipped":0,"pct":57.14},"branches":{"total":1,"covered":0,"skipped":0,"pct":0}}
,"/Users/fibonacci/SW_Dev/Antigravity_Dev/speaksharp/frontend/src/lib/pdfGenerator.ts": {"lines":{"total":44,"covered":42,"skipped":0,"pct":95.45},"functions":{"total":1,"covered":1,"skipped":0,"pct":100},"statements":{"total":44,"covered":42,"skipped":0,"pct":95.45},"branches":{"total":6,"covered":5,"skipped":0,"pct":83.33}}
,"/Users/fibonacci/SW_Dev/Antigravity_Dev/speaksharp/frontend/src/lib/processImage.ts": {"lines":{"total":12,"covered":12,"skipped":0,"pct":100},"functions":{"total":1,"covered":1,"skipped":0,"pct":100},"statements":{"total":12,"covered":12,"skipped":0,"pct":100},"branches":{"total":1,"covered":1,"skipped":0,"pct":100}}
,"/Users/fibonacci/SW_Dev/Antigravity_Dev/speaksharp/frontend/src/lib/storage.ts": {"lines":{"total":60,"covered":6,"skipped":0,"pct":10},"functions":{"total":4,"covered":0,"skipped":0,"pct":0},"statements":{"total":60,"covered":6,"skipped":0,"pct":10},"branches":{"total":0,"covered":0,"skipped":0,"pct":100}}
,"/Users/fibonacci/SW_Dev/Antigravity_Dev/speaksharp/frontend/src/lib/supabaseClient.ts": {"lines":{"total":23,"covered":3,"skipped":0,"pct":13.04},"functions":{"total":1,"covered":0,"skipped":0,"pct":0},"statements":{"total":23,"covered":3,"skipped":0,"pct":13.04},"branches":{"total":0,"covered":0,"skipped":0,"pct":100}}
,"/Users/fibonacci/SW_Dev/Antigravity_Dev/speaksharp/frontend/src/lib/theme.ts": {"lines":{"total":279,"covered":0,"skipped":0,"pct":0},"functions":{"total":1,"covered":1,"skipped":0,"pct":100},"statements":{"total":279,"covered":0,"skipped":0,"pct":0},"branches":{"total":1,"covered":1,"skipped":0,"pct":100}}
,"/Users/fibonacci/SW_Dev/Antigravity_Dev/speaksharp/frontend/src/lib/utils.ts": {"lines":{"total":25,"covered":6,"skipped":0,"pct":24},"functions":{"total":2,"covered":1,"skipped":0,"pct":50},"statements":{"total":25,"covered":6,"skipped":0,"pct":24},"branches":{"total":1,"covered":1,"skipped":0,"pct":100}}
,"/Users/fibonacci/SW_Dev/Antigravity_Dev/speaksharp/frontend/src/lib/wer.ts": {"lines":{"total":25,"covered":25,"skipped":0,"pct":100},"functions":{"total":1,"covered":1,"skipped":0,"pct":100},"statements":{"total":25,"covered":25,"skipped":0,"pct":100},"branches":{"total":17,"covered":17,"skipped":0,"pct":100}}
,"/Users/fibonacci/SW_Dev/Antigravity_Dev/speaksharp/frontend/src/mocks/browser.ts": {"lines":{"total":3,"covered":0,"skipped":0,"pct":0},"functions":{"total":1,"covered":1,"skipped":0,"pct":100},"statements":{"total":3,"covered":0,"skipped":0,"pct":0},"branches":{"total":1,"covered":1,"skipped":0,"pct":100}}
,"/Users/fibonacci/SW_Dev/Antigravity_Dev/speaksharp/frontend/src/mocks/handlers.ts": {"lines":{"total":39,"covered":0,"skipped":0,"pct":0},"functions":{"total":1,"covered":0,"skipped":0,"pct":0},"statements":{"total":39,"covered":0,"skipped":0,"pct":0},"branches":{"total":1,"covered":0,"skipped":0,"pct":0}}
,"/Users/fibonacci/SW_Dev/Antigravity_Dev/speaksharp/frontend/src/mocks/test-user-utils.ts": {"lines":{"total":49,"covered":0,"skipped":0,"pct":0},"functions":{"total":1,"covered":1,"skipped":0,"pct":100},"statements":{"total":49,"covered":0,"skipped":0,"pct":0},"branches":{"total":1,"covered":1,"skipped":0,"pct":100}}
,"/Users/fibonacci/SW_Dev/Antigravity_Dev/speaksharp/frontend/src/pages/AnalyticsPage.tsx": {"lines":{"total":80,"covered":0,"skipped":0,"pct":0},"functions":{"total":1,"covered":0,"skipped":0,"pct":0},"statements":{"total":80,"covered":0,"skipped":0,"pct":0},"branches":{"total":1,"covered":0,"skipped":0,"pct":0}}
,"/Users/fibonacci/SW_Dev/Antigravity_Dev/speaksharp/frontend/src/pages/AuthPage.tsx": {"lines":{"total":139,"covered":0,"skipped":0,"pct":0},"functions":{"total":1,"covered":0,"skipped":0,"pct":0},"statements":{"total":139,"covered":0,"skipped":0,"pct":0},"branches":{"total":1,"covered":0,"skipped":0,"pct":0}}
,"/Users/fibonacci/SW_Dev/Antigravity_Dev/speaksharp/frontend/src/pages/ConfigurationNeededPage.tsx": {"lines":{"total":12,"covered":0,"skipped":0,"pct":0},"functions":{"total":1,"covered":1,"skipped":0,"pct":100},"statements":{"total":12,"covered":0,"skipped":0,"pct":0},"branches":{"total":1,"covered":1,"skipped":0,"pct":100}}
,"/Users/fibonacci/SW_Dev/Antigravity_Dev/speaksharp/frontend/src/pages/HomePage.tsx": {"lines":{"total":33,"covered":0,"skipped":0,"pct":0},"functions":{"total":1,"covered":1,"skipped":0,"pct":100},"statements":{"total":33,"covered":0,"skipped":0,"pct":0},"branches":{"total":1,"covered":1,"skipped":0,"pct":100}}
,"/Users/fibonacci/SW_Dev/Antigravity_Dev/speaksharp/frontend/src/pages/Index.tsx": {"lines":{"total":16,"covered":0,"skipped":0,"pct":0},"functions":{"total":1,"covered":0,"skipped":0,"pct":0},"statements":{"total":16,"covered":0,"skipped":0,"pct":0},"branches":{"total":1,"covered":0,"skipped":0,"pct":0}}
,"/Users/fibonacci/SW_Dev/Antigravity_Dev/speaksharp/frontend/src/pages/MainPage.tsx": {"lines":{"total":20,"covered":0,"skipped":0,"pct":0},"functions":{"total":1,"covered":1,"skipped":0,"pct":100},"statements":{"total":20,"covered":0,"skipped":0,"pct":0},"branches":{"total":1,"covered":1,"skipped":0,"pct":100}}
,"/Users/fibonacci/SW_Dev/Antigravity_Dev/speaksharp/frontend/src/pages/PricingPage.tsx": {"lines":{"total":83,"covered":0,"skipped":0,"pct":0},"functions":{"total":1,"covered":1,"skipped":0,"pct":100},"statements":{"total":83,"covered":0,"skipped":0,"pct":0},"branches":{"total":1,"covered":1,"skipped":0,"pct":100}}
,"/Users/fibonacci/SW_Dev/Antigravity_Dev/speaksharp/frontend/src/pages/SessionPage.tsx": {"lines":{"total":170,"covered":0,"skipped":0,"pct":0},"functions":{"total":1,"covered":0,"skipped":0,"pct":0},"statements":{"total":170,"covered":0,"skipped":0,"pct":0},"branches":{"total":1,"covered":0,"skipped":0,"pct":0}}
,"/Users/fibonacci/SW_Dev/Antigravity_Dev/speaksharp/frontend/src/services/audio/pauseDetector.ts": {"lines":{"total":68,"covered":11,"skipped":0,"pct":16.17},"functions":{"total":5,"covered":0,"skipped":0,"pct":0},"statements":{"total":68,"covered":11,"skipped":0,"pct":16.17},"branches":{"total":0,"covered":0,"skipped":0,"pct":100}}
,"/Users/fibonacci/SW_Dev/Antigravity_Dev/speaksharp/frontend/src/services/transcription/TranscriptionService.ts": {"lines":{"total":157,"covered":66,"skipped":0,"pct":42.03},"functions":{"total":7,"covered":5,"skipped":0,"pct":71.42},"statements":{"total":157,"covered":66,"skipped":0,"pct":42.03},"branches":{"total":10,"covered":5,"skipped":0,"pct":50}}
,"/Users/fibonacci/SW_Dev/Antigravity_Dev/speaksharp/frontend/src/services/transcription/modes/CloudAssemblyAI.ts": {"lines":{"total":117,"covered":87,"skipped":0,"pct":74.35},"functions":{"total":10,"covered":6,"skipped":0,"pct":60},"statements":{"total":117,"covered":87,"skipped":0,"pct":74.35},"branches":{"total":18,"covered":8,"skipped":0,"pct":44.44}}
,"/Users/fibonacci/SW_Dev/Antigravity_Dev/speaksharp/frontend/src/services/transcription/modes/LocalWhisper.ts": {"lines":{"total":136,"covered":109,"skipped":0,"pct":80.14},"functions":{"total":9,"covered":7,"skipped":0,"pct":77.77},"statements":{"total":136,"covered":109,"skipped":0,"pct":80.14},"branches":{"total":20,"covered":12,"skipped":0,"pct":60}}
,"/Users/fibonacci/SW_Dev/Antigravity_Dev/speaksharp/frontend/src/services/transcription/modes/NativeBrowser.ts": {"lines":{"total":117,"covered":74,"skipped":0,"pct":63.24},"functions":{"total":10,"covered":5,"skipped":0,"pct":50},"statements":{"total":117,"covered":74,"skipped":0,"pct":63.24},"branches":{"total":16,"covered":9,"skipped":0,"pct":56.25}}
,"/Users/fibonacci/SW_Dev/Antigravity_Dev/speaksharp/frontend/src/services/transcription/modes/types.ts": {"lines":{"total":0,"covered":0,"skipped":0,"pct":100},"functions":{"total":1,"covered":1,"skipped":0,"pct":100},"statements":{"total":0,"covered":0,"skipped":0,"pct":100},"branches":{"total":1,"covered":1,"skipped":0,"pct":100}}
,"/Users/fibonacci/SW_Dev/Antigravity_Dev/speaksharp/frontend/src/services/transcription/utils/audio-processor.worklet.ts": {"lines":{"total":38,"covered":0,"skipped":0,"pct":0},"functions":{"total":1,"covered":1,"skipped":0,"pct":100},"statements":{"total":38,"covered":0,"skipped":0,"pct":0},"branches":{"total":1,"covered":1,"skipped":0,"pct":100}}
,"/Users/fibonacci/SW_Dev/Antigravity_Dev/speaksharp/frontend/src/services/transcription/utils/audioUtils.impl.ts": {"lines":{"total":69,"covered":0,"skipped":0,"pct":0},"functions":{"total":1,"covered":0,"skipped":0,"pct":0},"statements":{"total":69,"covered":0,"skipped":0,"pct":0},"branches":{"total":1,"covered":0,"skipped":0,"pct":0}}
,"/Users/fibonacci/SW_Dev/Antigravity_Dev/speaksharp/frontend/src/services/transcription/utils/audioUtils.ts": {"lines":{"total":4,"covered":0,"skipped":0,"pct":0},"functions":{"total":1,"covered":0,"skipped":0,"pct":0},"statements":{"total":4,"covered":0,"skipped":0,"pct":0},"branches":{"total":0,"covered":0,"skipped":0,"pct":100}}
,"/Users/fibonacci/SW_Dev/Antigravity_Dev/speaksharp/frontend/src/services/transcription/utils/types.ts": {"lines":{"total":0,"covered":0,"skipped":0,"pct":100},"functions":{"total":1,"covered":1,"skipped":0,"pct":100},"statements":{"total":0,"covered":0,"skipped":0,"pct":100},"branches":{"total":1,"covered":1,"skipped":0,"pct":100}}
,"/Users/fibonacci/SW_Dev/Antigravity_Dev/speaksharp/frontend/src/types/analytics.ts": {"lines":{"total":0,"covered":0,"skipped":0,"pct":100},"functions":{"total":1,"covered":1,"skipped":0,"pct":100},"statements":{"total":0,"covered":0,"skipped":0,"pct":100},"branches":{"total":1,"covered":1,"skipped":0,"pct":100}}
,"/Users/fibonacci/SW_Dev/Antigravity_Dev/speaksharp/frontend/src/types/session.ts": {"lines":{"total":0,"covered":0,"skipped":0,"pct":100},"functions":{"total":1,"covered":1,"skipped":0,"pct":100},"statements":{"total":0,"covered":0,"skipped":0,"pct":100},"branches":{"total":1,"covered":1,"skipped":0,"pct":100}}
,"/Users/fibonacci/SW_Dev/Antigravity_Dev/speaksharp/frontend/src/types/user.ts": {"lines":{"total":0,"covered":0,"skipped":0,"pct":100},"functions":{"total":1,"covered":1,"skipped":0,"pct":100},"statements":{"total":0,"covered":0,"skipped":0,"pct":100},"branches":{"total":1,"covered":1,"skipped":0,"pct":100}}
,"/Users/fibonacci/SW_Dev/Antigravity_Dev/speaksharp/frontend/src/utils/fillerWordUtils.ts": {"lines":{"total":75,"covered":75,"skipped":0,"pct":100},"functions":{"total":5,"covered":5,"skipped":0,"pct":100},"statements":{"total":75,"covered":75,"skipped":0,"pct":100},"branches":{"total":16,"covered":15,"skipped":0,"pct":93.75}}
}
