{"total": {"lines":{"total":13314,"covered":320,"skipped":0,"pct":2.4},"statements":{"total":13314,"covered":320,"skipped":0,"pct":2.4},"functions":{"total":199,"covered":96,"skipped":0,"pct":48.24},"branches":{"total":229,"covered":113,"skipped":0,"pct":49.34},"branchesTrue":{"total":0,"covered":0,"skipped":0,"pct":100}}
,"/Users/fibonacci/SW_Dev/Antigravity_Dev/speaksharp/frontend/src/App.tsx": {"lines":{"total":77,"covered":0,"skipped":0,"pct":0},"functions":{"total":1,"covered":0,"skipped":0,"pct":0},"statements":{"total":77,"covered":0,"skipped":0,"pct":0},"branches":{"total":1,"covered":0,"skipped":0,"pct":0}}
,"/Users/fibonacci/SW_Dev/Antigravity_Dev/speaksharp/frontend/src/config.ts": {"lines":{"total":58,"covered":0,"skipped":0,"pct":0},"functions":{"total":1,"covered":0,"skipped":0,"pct":0},"statements":{"total":58,"covered":0,"skipped":0,"pct":0},"branches":{"total":1,"covered":0,"skipped":0,"pct":0}}
,"/Users/fibonacci/SW_Dev/Antigravity_Dev/speaksharp/frontend/src/main.tsx": {"lines":{"total":172,"covered":0,"skipped":0,"pct":0},"functions":{"total":1,"covered":1,"skipped":0,"pct":100},"statements":{"total":172,"covered":0,"skipped":0,"pct":0},"branches":{"total":1,"covered":1,"skipped":0,"pct":100}}
,"/Users/fibonacci/SW_Dev/Antigravity_Dev/speaksharp/frontend/src/components/AnalyticsDashboard.tsx": {"lines":{"total":711,"covered":0,"skipped":0,"pct":0},"functions":{"total":1,"covered":0,"skipped":0,"pct":0},"statements":{"total":711,"covered":0,"skipped":0,"pct":0},"branches":{"total":1,"covered":0,"skipped":0,"pct":0}}
,"/Users/fibonacci/SW_Dev/Antigravity_Dev/speaksharp/frontend/src/components/BrowserWarning.tsx": {"lines":{"total":18,"covered":0,"skipped":0,"pct":0},"functions":{"total":1,"covered":1,"skipped":0,"pct":100},"statements":{"total":18,"covered":0,"skipped":0,"pct":0},"branches":{"total":1,"covered":1,"skipped":0,"pct":100}}
,"/Users/fibonacci/SW_Dev/Antigravity_Dev/speaksharp/frontend/src/components/ErrorBoundary.tsx": {"lines":{"total":38,"covered":0,"skipped":0,"pct":0},"functions":{"total":1,"covered":0,"skipped":0,"pct":0},"statements":{"total":38,"covered":0,"skipped":0,"pct":0},"branches":{"total":1,"covered":0,"skipped":0,"pct":0}}
,"/Users/fibonacci/SW_Dev/Antigravity_Dev/speaksharp/frontend/src/components/ErrorDisplay.tsx": {"lines":{"total":16,"covered":0,"skipped":0,"pct":0},"functions":{"total":1,"covered":1,"skipped":0,"pct":100},"statements":{"total":16,"covered":0,"skipped":0,"pct":0},"branches":{"total":1,"covered":1,"skipped":0,"pct":100}}
,"/Users/fibonacci/SW_Dev/Antigravity_Dev/speaksharp/frontend/src/components/LocalErrorBoundary.tsx": {"lines":{"total":67,"covered":0,"skipped":0,"pct":0},"functions":{"total":1,"covered":1,"skipped":0,"pct":100},"statements":{"total":67,"covered":0,"skipped":0,"pct":0},"branches":{"total":1,"covered":1,"skipped":0,"pct":100}}
,"/Users/fibonacci/SW_Dev/Antigravity_Dev/speaksharp/frontend/src/components/Navigation.tsx": {"lines":{"total":153,"covered":0,"skipped":0,"pct":0},"functions":{"total":1,"covered":0,"skipped":0,"pct":0},"statements":{"total":153,"covered":0,"skipped":0,"pct":0},"branches":{"total":1,"covered":0,"skipped":0,"pct":0}}
,"/Users/fibonacci/SW_Dev/Antigravity_Dev/speaksharp/frontend/src/components/ProfileGuard.tsx": {"lines":{"total":53,"covered":0,"skipped":0,"pct":0},"functions":{"total":1,"covered":1,"skipped":0,"pct":100},"statements":{"total":53,"covered":0,"skipped":0,"pct":0},"branches":{"total":1,"covered":1,"skipped":0,"pct":100}}
,"/Users/fibonacci/SW_Dev/Antigravity_Dev/speaksharp/frontend/src/components/PromoExpiredDialog.tsx": {"lines":{"total":95,"covered":0,"skipped":0,"pct":0},"functions":{"total":1,"covered":0,"skipped":0,"pct":0},"statements":{"total":95,"covered":0,"skipped":0,"pct":0},"branches":{"total":1,"covered":0,"skipped":0,"pct":0}}
,"/Users/fibonacci/SW_Dev/Antigravity_Dev/speaksharp/frontend/src/components/ProtectedRoute.tsx": {"lines":{"total":21,"covered":0,"skipped":0,"pct":0},"functions":{"total":1,"covered":1,"skipped":0,"pct":100},"statements":{"total":21,"covered":0,"skipped":0,"pct":0},"branches":{"total":1,"covered":1,"skipped":0,"pct":100}}
,"/Users/fibonacci/SW_Dev/Antigravity_Dev/speaksharp/frontend/src/components/SessionStatus.tsx": {"lines":{"total":22,"covered":0,"skipped":0,"pct":0},"functions":{"total":1,"covered":1,"skipped":0,"pct":100},"statements":{"total":22,"covered":0,"skipped":0,"pct":0},"branches":{"total":1,"covered":1,"skipped":0,"pct":100}}
,"/Users/fibonacci/SW_Dev/Antigravity_Dev/speaksharp/frontend/src/components/SideNav.tsx": {"lines":{"total":45,"covered":0,"skipped":0,"pct":0},"functions":{"total":1,"covered":1,"skipped":0,"pct":100},"statements":{"total":45,"covered":0,"skipped":0,"pct":0},"branches":{"total":1,"covered":1,"skipped":0,"pct":100}}
,"/Users/fibonacci/SW_Dev/Antigravity_Dev/speaksharp/frontend/src/components/UpgradePromptDialog.tsx": {"lines":{"total":38,"covered":0,"skipped":0,"pct":0},"functions":{"total":1,"covered":1,"skipped":0,"pct":100},"statements":{"total":38,"covered":0,"skipped":0,"pct":0},"branches":{"total":1,"covered":1,"skipped":0,"pct":100}}
,"/Users/fibonacci/SW_Dev/Antigravity_Dev/speaksharp/frontend/src/components/analytics/EditGoalsDialog.tsx": {"lines":{"total":78,"covered":0,"skipped":0,"pct":0},"functions":{"total":1,"covered":0,"skipped":0,"pct":0},"statements":{"total":78,"covered":0,"skipped":0,"pct":0},"branches":{"total":1,"covered":0,"skipped":0,"pct":0}}
,"/Users/fibonacci/SW_Dev/Antigravity_Dev/speaksharp/frontend/src/components/analytics/FillerWordTable.tsx": {"lines":{"total":50,"covered":0,"skipped":0,"pct":0},"functions":{"total":1,"covered":1,"skipped":0,"pct":100},"statements":{"total":50,"covered":0,"skipped":0,"pct":0},"branches":{"total":1,"covered":1,"skipped":0,"pct":100}}
,"/Users/fibonacci/SW_Dev/Antigravity_Dev/speaksharp/frontend/src/components/analytics/GoalsSection.tsx": {"lines":{"total":91,"covered":0,"skipped":0,"pct":0},"functions":{"total":1,"covered":1,"skipped":0,"pct":100},"statements":{"total":91,"covered":0,"skipped":0,"pct":0},"branches":{"total":1,"covered":1,"skipped":0,"pct":100}}
,"/Users/fibonacci/SW_Dev/Antigravity_Dev/speaksharp/frontend/src/components/analytics/ProgressIndicator.tsx": {"lines":{"total":34,"covered":0,"skipped":0,"pct":0},"functions":{"total":1,"covered":1,"skipped":0,"pct":100},"statements":{"total":34,"covered":0,"skipped":0,"pct":0},"branches":{"total":1,"covered":1,"skipped":0,"pct":100}}
,"/Users/fibonacci/SW_Dev/Antigravity_Dev/speaksharp/frontend/src/components/analytics/STTAccuracyVsBenchmark.tsx": {"lines":{"total":89,"covered":0,"skipped":0,"pct":0},"functions":{"total":1,"covered":1,"skipped":0,"pct":100},"statements":{"total":89,"covered":0,"skipped":0,"pct":0},"branches":{"total":1,"covered":1,"skipped":0,"pct":100}}
,"/Users/fibonacci/SW_Dev/Antigravity_Dev/speaksharp/frontend/src/components/analytics/SessionComparisonDialog.tsx": {"lines":{"total":109,"covered":0,"skipped":0,"pct":0},"functions":{"total":1,"covered":1,"skipped":0,"pct":100},"statements":{"total":109,"covered":0,"skipped":0,"pct":0},"branches":{"total":1,"covered":1,"skipped":0,"pct":100}}
,"/Users/fibonacci/SW_Dev/Antigravity_Dev/speaksharp/frontend/src/components/analytics/TopFillerWords.tsx": {"lines":{"total":41,"covered":0,"skipped":0,"pct":0},"functions":{"total":1,"covered":1,"skipped":0,"pct":100},"statements":{"total":41,"covered":0,"skipped":0,"pct":0},"branches":{"total":1,"covered":1,"skipped":0,"pct":100}}
,"/Users/fibonacci/SW_Dev/Antigravity_Dev/speaksharp/frontend/src/components/analytics/TrendChart.tsx": {"lines":{"total":62,"covered":0,"skipped":0,"pct":0},"functions":{"total":1,"covered":1,"skipped":0,"pct":100},"statements":{"total":62,"covered":0,"skipped":0,"pct":0},"branches":{"total":1,"covered":1,"skipped":0,"pct":100}}
,"/Users/fibonacci/SW_Dev/Antigravity_Dev/speaksharp/frontend/src/components/analytics/WeeklyActivityChart.tsx": {"lines":{"total":82,"covered":0,"skipped":0,"pct":0},"functions":{"total":1,"covered":0,"skipped":0,"pct":0},"statements":{"total":82,"covered":0,"skipped":0,"pct":0},"branches":{"total":1,"covered":0,"skipped":0,"pct":0}}
,"/Users/fibonacci/SW_Dev/Antigravity_Dev/speaksharp/frontend/src/components/landing/BenefitsSection.tsx": {"lines":{"total":76,"covered":0,"skipped":0,"pct":0},"functions":{"total":1,"covered":0,"skipped":0,"pct":0},"statements":{"total":76,"covered":0,"skipped":0,"pct":0},"branches":{"total":1,"covered":0,"skipped":0,"pct":0}}
,"/Users/fibonacci/SW_Dev/Antigravity_Dev/speaksharp/frontend/src/components/landing/CTASection.tsx": {"lines":{"total":34,"covered":0,"skipped":0,"pct":0},"functions":{"total":1,"covered":0,"skipped":0,"pct":0},"statements":{"total":34,"covered":0,"skipped":0,"pct":0},"branches":{"total":1,"covered":0,"skipped":0,"pct":0}}
,"/Users/fibonacci/SW_Dev/Antigravity_Dev/speaksharp/frontend/src/components/landing/FeaturesSection.tsx": {"lines":{"total":85,"covered":0,"skipped":0,"pct":0},"functions":{"total":1,"covered":1,"skipped":0,"pct":100},"statements":{"total":85,"covered":0,"skipped":0,"pct":0},"branches":{"total":1,"covered":1,"skipped":0,"pct":100}}
,"/Users/fibonacci/SW_Dev/Antigravity_Dev/speaksharp/frontend/src/components/landing/HeroSection.tsx": {"lines":{"total":91,"covered":0,"skipped":0,"pct":0},"functions":{"total":1,"covered":0,"skipped":0,"pct":0},"statements":{"total":91,"covered":0,"skipped":0,"pct":0},"branches":{"total":1,"covered":0,"skipped":0,"pct":0}}
,"/Users/fibonacci/SW_Dev/Antigravity_Dev/speaksharp/frontend/src/components/landing/HeroStatsDashboard.tsx": {"lines":{"total":130,"covered":0,"skipped":0,"pct":0},"functions":{"total":1,"covered":0,"skipped":0,"pct":0},"statements":{"total":130,"covered":0,"skipped":0,"pct":0},"branches":{"total":1,"covered":0,"skipped":0,"pct":0}}
,"/Users/fibonacci/SW_Dev/Antigravity_Dev/speaksharp/frontend/src/components/landing/LandingFooter.tsx": {"lines":{"total":21,"covered":0,"skipped":0,"pct":0},"functions":{"total":1,"covered":1,"skipped":0,"pct":100},"statements":{"total":21,"covered":0,"skipped":0,"pct":0},"branches":{"total":1,"covered":1,"skipped":0,"pct":100}}
,"/Users/fibonacci/SW_Dev/Antigravity_Dev/speaksharp/frontend/src/components/landing/TestimonialsSection.tsx": {"lines":{"total":24,"covered":0,"skipped":0,"pct":0},"functions":{"total":1,"covered":1,"skipped":0,"pct":100},"statements":{"total":24,"covered":0,"skipped":0,"pct":0},"branches":{"total":1,"covered":1,"skipped":0,"pct":100}}
,"/Users/fibonacci/SW_Dev/Antigravity_Dev/speaksharp/frontend/src/components/session/AISuggestions.tsx": {"lines":{"total":95,"covered":0,"skipped":0,"pct":0},"functions":{"total":1,"covered":0,"skipped":0,"pct":0},"statements":{"total":95,"covered":0,"skipped":0,"pct":0},"branches":{"total":1,"covered":0,"skipped":0,"pct":0}}
,"/Users/fibonacci/SW_Dev/Antigravity_Dev/speaksharp/frontend/src/components/session/ClarityScoreCard.tsx": {"lines":{"total":26,"covered":0,"skipped":0,"pct":0},"functions":{"total":1,"covered":1,"skipped":0,"pct":100},"statements":{"total":26,"covered":0,"skipped":0,"pct":0},"branches":{"total":1,"covered":1,"skipped":0,"pct":100}}
,"/Users/fibonacci/SW_Dev/Antigravity_Dev/speaksharp/frontend/src/components/session/FillerWordAnalysis.tsx": {"lines":{"total":86,"covered":0,"skipped":0,"pct":0},"functions":{"total":1,"covered":0,"skipped":0,"pct":0},"statements":{"total":86,"covered":0,"skipped":0,"pct":0},"branches":{"total":1,"covered":0,"skipped":0,"pct":0}}
,"/Users/fibonacci/SW_Dev/Antigravity_Dev/speaksharp/frontend/src/components/session/FillerWordsCard.tsx": {"lines":{"total":48,"covered":0,"skipped":0,"pct":0},"functions":{"total":1,"covered":0,"skipped":0,"pct":0},"statements":{"total":48,"covered":0,"skipped":0,"pct":0},"branches":{"total":1,"covered":0,"skipped":0,"pct":0}}
,"/Users/fibonacci/SW_Dev/Antigravity_Dev/speaksharp/frontend/src/components/session/LiveRecordingCard.tsx": {"lines":{"total":125,"covered":0,"skipped":0,"pct":0},"functions":{"total":1,"covered":1,"skipped":0,"pct":100},"statements":{"total":125,"covered":0,"skipped":0,"pct":0},"branches":{"total":1,"covered":1,"skipped":0,"pct":100}}
,"/Users/fibonacci/SW_Dev/Antigravity_Dev/speaksharp/frontend/src/components/session/LiveTranscriptPanel.tsx": {"lines":{"total":53,"covered":0,"skipped":0,"pct":0},"functions":{"total":1,"covered":1,"skipped":0,"pct":100},"statements":{"total":53,"covered":0,"skipped":0,"pct":0},"branches":{"total":1,"covered":1,"skipped":0,"pct":100}}
,"/Users/fibonacci/SW_Dev/Antigravity_Dev/speaksharp/frontend/src/components/session/MobileActionBar.tsx": {"lines":{"total":36,"covered":0,"skipped":0,"pct":0},"functions":{"total":1,"covered":1,"skipped":0,"pct":100},"statements":{"total":36,"covered":0,"skipped":0,"pct":0},"branches":{"total":1,"covered":1,"skipped":0,"pct":100}}
,"/Users/fibonacci/SW_Dev/Antigravity_Dev/speaksharp/frontend/src/components/session/PauseMetricsDisplay.tsx": {"lines":{"total":38,"covered":0,"skipped":0,"pct":0},"functions":{"total":1,"covered":1,"skipped":0,"pct":100},"statements":{"total":38,"covered":0,"skipped":0,"pct":0},"branches":{"total":1,"covered":1,"skipped":0,"pct":100}}
,"/Users/fibonacci/SW_Dev/Antigravity_Dev/speaksharp/frontend/src/components/session/SessionPageSkeleton.tsx": {"lines":{"total":82,"covered":0,"skipped":0,"pct":0},"functions":{"total":1,"covered":1,"skipped":0,"pct":100},"statements":{"total":82,"covered":0,"skipped":0,"pct":0},"branches":{"total":1,"covered":1,"skipped":0,"pct":100}}
,"/Users/fibonacci/SW_Dev/Antigravity_Dev/speaksharp/frontend/src/components/session/SessionSidebar.tsx": {"lines":{"total":195,"covered":0,"skipped":0,"pct":0},"functions":{"total":1,"covered":0,"skipped":0,"pct":0},"statements":{"total":195,"covered":0,"skipped":0,"pct":0},"branches":{"total":1,"covered":0,"skipped":0,"pct":0}}
,"/Users/fibonacci/SW_Dev/Antigravity_Dev/speaksharp/frontend/src/components/session/SpeakingRateCard.tsx": {"lines":{"total":23,"covered":0,"skipped":0,"pct":0},"functions":{"total":1,"covered":1,"skipped":0,"pct":100},"statements":{"total":23,"covered":0,"skipped":0,"pct":0},"branches":{"total":1,"covered":1,"skipped":0,"pct":100}}
,"/Users/fibonacci/SW_Dev/Antigravity_Dev/speaksharp/frontend/src/components/session/SpeakingTips.tsx": {"lines":{"total":53,"covered":0,"skipped":0,"pct":0},"functions":{"total":1,"covered":0,"skipped":0,"pct":0},"statements":{"total":53,"covered":0,"skipped":0,"pct":0},"branches":{"total":1,"covered":0,"skipped":0,"pct":0}}
,"/Users/fibonacci/SW_Dev/Antigravity_Dev/speaksharp/frontend/src/components/session/SpeakingTipsCard.tsx": {"lines":{"total":36,"covered":0,"skipped":0,"pct":0},"functions":{"total":1,"covered":0,"skipped":0,"pct":0},"statements":{"total":36,"covered":0,"skipped":0,"pct":0},"branches":{"total":1,"covered":0,"skipped":0,"pct":0}}
,"/Users/fibonacci/SW_Dev/Antigravity_Dev/speaksharp/frontend/src/components/session/StatefulPanel.tsx": {"lines":{"total":25,"covered":0,"skipped":0,"pct":0},"functions":{"total":1,"covered":1,"skipped":0,"pct":100},"statements":{"total":25,"covered":0,"skipped":0,"pct":0},"branches":{"total":1,"covered":1,"skipped":0,"pct":100}}
,"/Users/fibonacci/SW_Dev/Antigravity_Dev/speaksharp/frontend/src/components/session/StatusNotificationBar.tsx": {"lines":{"total":136,"covered":0,"skipped":0,"pct":0},"functions":{"total":1,"covered":1,"skipped":0,"pct":100},"statements":{"total":136,"covered":0,"skipped":0,"pct":0},"branches":{"total":1,"covered":1,"skipped":0,"pct":100}}
,"/Users/fibonacci/SW_Dev/Antigravity_Dev/speaksharp/frontend/src/components/session/SunsetModals.tsx": {"lines":{"total":67,"covered":0,"skipped":0,"pct":0},"functions":{"total":1,"covered":1,"skipped":0,"pct":100},"statements":{"total":67,"covered":0,"skipped":0,"pct":0},"branches":{"total":1,"covered":1,"skipped":0,"pct":100}}
,"/Users/fibonacci/SW_Dev/Antigravity_Dev/speaksharp/frontend/src/components/session/TimerDisplay.tsx": {"lines":{"total":22,"covered":0,"skipped":0,"pct":0},"functions":{"total":1,"covered":1,"skipped":0,"pct":100},"statements":{"total":22,"covered":0,"skipped":0,"pct":0},"branches":{"total":1,"covered":1,"skipped":0,"pct":100}}
,"/Users/fibonacci/SW_Dev/Antigravity_Dev/speaksharp/frontend/src/components/session/TranscriptPanel.tsx": {"lines":{"total":106,"covered":0,"skipped":0,"pct":0},"functions":{"total":1,"covered":0,"skipped":0,"pct":0},"statements":{"total":106,"covered":0,"skipped":0,"pct":0},"branches":{"total":1,"covered":0,"skipped":0,"pct":0}}
,"/Users/fibonacci/SW_Dev/Antigravity_Dev/speaksharp/frontend/src/components/session/UserFillerWordsManager.tsx": {"lines":{"total":115,"covered":0,"skipped":0,"pct":0},"functions":{"total":1,"covered":0,"skipped":0,"pct":0},"statements":{"total":115,"covered":0,"skipped":0,"pct":0},"branches":{"total":1,"covered":0,"skipped":0,"pct":0}}
,"/Users/fibonacci/SW_Dev/Antigravity_Dev/speaksharp/frontend/src/components/ui/EmptyState.tsx": {"lines":{"total":59,"covered":0,"skipped":0,"pct":0},"functions":{"total":1,"covered":1,"skipped":0,"pct":100},"statements":{"total":59,"covered":0,"skipped":0,"pct":0},"branches":{"total":1,"covered":1,"skipped":0,"pct":100}}
,"/Users/fibonacci/SW_Dev/Antigravity_Dev/speaksharp/frontend/src/components/ui/FadeIn.tsx": {"lines":{"total":25,"covered":0,"skipped":0,"pct":0},"functions":{"total":1,"covered":1,"skipped":0,"pct":100},"statements":{"total":25,"covered":0,"skipped":0,"pct":0},"branches":{"total":1,"covered":1,"skipped":0,"pct":100}}
,"/Users/fibonacci/SW_Dev/Antigravity_Dev/speaksharp/frontend/src/components/ui/PageTransition.tsx": {"lines":{"total":32,"covered":0,"skipped":0,"pct":0},"functions":{"total":1,"covered":0,"skipped":0,"pct":0},"statements":{"total":32,"covered":0,"skipped":0,"pct":0},"branches":{"total":1,"covered":0,"skipped":0,"pct":0}}
,"/Users/fibonacci/SW_Dev/Antigravity_Dev/speaksharp/frontend/src/components/ui/alert-dialog.tsx": {"lines":{"total":80,"covered":0,"skipped":0,"pct":0},"functions":{"total":1,"covered":1,"skipped":0,"pct":100},"statements":{"total":80,"covered":0,"skipped":0,"pct":0},"branches":{"total":1,"covered":1,"skipped":0,"pct":100}}
,"/Users/fibonacci/SW_Dev/Antigravity_Dev/speaksharp/frontend/src/components/ui/alert.tsx": {"lines":{"total":37,"covered":0,"skipped":0,"pct":0},"functions":{"total":1,"covered":0,"skipped":0,"pct":0},"statements":{"total":37,"covered":0,"skipped":0,"pct":0},"branches":{"total":1,"covered":0,"skipped":0,"pct":0}}
,"/Users/fibonacci/SW_Dev/Antigravity_Dev/speaksharp/frontend/src/components/ui/badge-variants.ts": {"lines":{"total":27,"covered":0,"skipped":0,"pct":0},"functions":{"total":1,"covered":0,"skipped":0,"pct":0},"statements":{"total":27,"covered":0,"skipped":0,"pct":0},"branches":{"total":1,"covered":0,"skipped":0,"pct":0}}
,"/Users/fibonacci/SW_Dev/Antigravity_Dev/speaksharp/frontend/src/components/ui/badge.tsx": {"lines":{"total":9,"covered":0,"skipped":0,"pct":0},"functions":{"total":1,"covered":0,"skipped":0,"pct":0},"statements":{"total":9,"covered":0,"skipped":0,"pct":0},"branches":{"total":1,"covered":0,"skipped":0,"pct":0}}
,"/Users/fibonacci/SW_Dev/Antigravity_Dev/speaksharp/frontend/src/components/ui/button-variants.ts": {"lines":{"total":27,"covered":0,"skipped":0,"pct":0},"functions":{"total":1,"covered":0,"skipped":0,"pct":0},"statements":{"total":27,"covered":0,"skipped":0,"pct":0},"branches":{"total":1,"covered":0,"skipped":0,"pct":0}}
,"/Users/fibonacci/SW_Dev/Antigravity_Dev/speaksharp/frontend/src/components/ui/button.tsx": {"lines":{"total":16,"covered":0,"skipped":0,"pct":0},"functions":{"total":1,"covered":0,"skipped":0,"pct":0},"statements":{"total":16,"covered":0,"skipped":0,"pct":0},"branches":{"total":1,"covered":0,"skipped":0,"pct":0}}
,"/Users/fibonacci/SW_Dev/Antigravity_Dev/speaksharp/frontend/src/components/ui/card.tsx": {"lines":{"total":69,"covered":0,"skipped":0,"pct":0},"functions":{"total":1,"covered":0,"skipped":0,"pct":0},"statements":{"total":69,"covered":0,"skipped":0,"pct":0},"branches":{"total":1,"covered":0,"skipped":0,"pct":0}}
,"/Users/fibonacci/SW_Dev/Antigravity_Dev/speaksharp/frontend/src/components/ui/carousel.tsx": {"lines":{"total":183,"covered":0,"skipped":0,"pct":0},"functions":{"total":1,"covered":0,"skipped":0,"pct":0},"statements":{"total":183,"covered":0,"skipped":0,"pct":0},"branches":{"total":1,"covered":0,"skipped":0,"pct":0}}
,"/Users/fibonacci/SW_Dev/Antigravity_Dev/speaksharp/frontend/src/components/ui/checkbox.tsx": {"lines":{"total":20,"covered":0,"skipped":0,"pct":0},"functions":{"total":1,"covered":1,"skipped":0,"pct":100},"statements":{"total":20,"covered":0,"skipped":0,"pct":0},"branches":{"total":1,"covered":1,"skipped":0,"pct":100}}
,"/Users/fibonacci/SW_Dev/Antigravity_Dev/speaksharp/frontend/src/components/ui/dialog.tsx": {"lines":{"total":85,"covered":0,"skipped":0,"pct":0},"functions":{"total":1,"covered":1,"skipped":0,"pct":100},"statements":{"total":85,"covered":0,"skipped":0,"pct":0},"branches":{"total":1,"covered":1,"skipped":0,"pct":100}}
,"/Users/fibonacci/SW_Dev/Antigravity_Dev/speaksharp/frontend/src/components/ui/drawer.tsx": {"lines":{"total":80,"covered":0,"skipped":0,"pct":0},"functions":{"total":1,"covered":1,"skipped":0,"pct":100},"statements":{"total":80,"covered":0,"skipped":0,"pct":0},"branches":{"total":1,"covered":1,"skipped":0,"pct":100}}
,"/Users/fibonacci/SW_Dev/Antigravity_Dev/speaksharp/frontend/src/components/ui/dropdown-menu.tsx": {"lines":{"total":138,"covered":0,"skipped":0,"pct":0},"functions":{"total":1,"covered":1,"skipped":0,"pct":100},"statements":{"total":138,"covered":0,"skipped":0,"pct":0},"branches":{"total":1,"covered":1,"skipped":0,"pct":100}}
,"/Users/fibonacci/SW_Dev/Antigravity_Dev/speaksharp/frontend/src/components/ui/input.tsx": {"lines":{"total":35,"covered":0,"skipped":0,"pct":0},"functions":{"total":1,"covered":0,"skipped":0,"pct":0},"statements":{"total":35,"covered":0,"skipped":0,"pct":0},"branches":{"total":1,"covered":0,"skipped":0,"pct":0}}
,"/Users/fibonacci/SW_Dev/Antigravity_Dev/speaksharp/frontend/src/components/ui/label.tsx": {"lines":{"total":16,"covered":0,"skipped":0,"pct":0},"functions":{"total":1,"covered":1,"skipped":0,"pct":100},"statements":{"total":16,"covered":0,"skipped":0,"pct":0},"branches":{"total":1,"covered":1,"skipped":0,"pct":100}}
,"/Users/fibonacci/SW_Dev/Antigravity_Dev/speaksharp/frontend/src/components/ui/popover.tsx": {"lines":{"total":21,"covered":0,"skipped":0,"pct":0},"functions":{"total":1,"covered":1,"skipped":0,"pct":100},"statements":{"total":21,"covered":0,"skipped":0,"pct":0},"branches":{"total":1,"covered":1,"skipped":0,"pct":100}}
,"/Users/fibonacci/SW_Dev/Antigravity_Dev/speaksharp/frontend/src/components/ui/progress.tsx": {"lines":{"total":19,"covered":0,"skipped":0,"pct":0},"functions":{"total":1,"covered":1,"skipped":0,"pct":100},"statements":{"total":19,"covered":0,"skipped":0,"pct":0},"branches":{"total":1,"covered":1,"skipped":0,"pct":100}}
,"/Users/fibonacci/SW_Dev/Antigravity_Dev/speaksharp/frontend/src/components/ui/sheet.tsx": {"lines":{"total":98,"covered":0,"skipped":0,"pct":0},"functions":{"total":1,"covered":1,"skipped":0,"pct":100},"statements":{"total":98,"covered":0,"skipped":0,"pct":0},"branches":{"total":1,"covered":1,"skipped":0,"pct":100}}
,"/Users/fibonacci/SW_Dev/Antigravity_Dev/speaksharp/frontend/src/components/ui/skeleton.tsx": {"lines":{"total":12,"covered":0,"skipped":0,"pct":0},"functions":{"total":1,"covered":0,"skipped":0,"pct":0},"statements":{"total":12,"covered":0,"skipped":0,"pct":0},"branches":{"total":1,"covered":0,"skipped":0,"pct":0}}
,"/Users/fibonacci/SW_Dev/Antigravity_Dev/speaksharp/frontend/src/components/ui/sonner.tsx": {"lines":{"total":28,"covered":0,"skipped":0,"pct":0},"functions":{"total":1,"covered":1,"skipped":0,"pct":100},"statements":{"total":28,"covered":0,"skipped":0,"pct":0},"branches":{"total":1,"covered":1,"skipped":0,"pct":100}}
,"/Users/fibonacci/SW_Dev/Antigravity_Dev/speaksharp/frontend/src/components/ui/switch.tsx": {"lines":{"total":20,"covered":0,"skipped":0,"pct":0},"functions":{"total":1,"covered":1,"skipped":0,"pct":100},"statements":{"total":20,"covered":0,"skipped":0,"pct":0},"branches":{"total":1,"covered":1,"skipped":0,"pct":100}}
,"/Users/fibonacci/SW_Dev/Antigravity_Dev/speaksharp/frontend/src/components/ui/toast.tsx": {"lines":{"total":35,"covered":0,"skipped":0,"pct":0},"functions":{"total":1,"covered":1,"skipped":0,"pct":100},"statements":{"total":35,"covered":0,"skipped":0,"pct":0},"branches":{"total":1,"covered":1,"skipped":0,"pct":100}}
,"/Users/fibonacci/SW_Dev/Antigravity_Dev/speaksharp/frontend/src/config/TestFlags.ts": {"lines":{"total":32,"covered":21,"skipped":0,"pct":65.62},"functions":{"total":3,"covered":1,"skipped":0,"pct":33.33},"statements":{"total":32,"covered":21,"skipped":0,"pct":65.62},"branches":{"total":6,"covered":1,"skipped":0,"pct":16.66}}
,"/Users/fibonacci/SW_Dev/Antigravity_Dev/speaksharp/frontend/src/config/env.ts": {"lines":{"total":28,"covered":24,"skipped":0,"pct":85.71},"functions":{"total":1,"covered":1,"skipped":0,"pct":100},"statements":{"total":28,"covered":24,"skipped":0,"pct":85.71},"branches":{"total":3,"covered":1,"skipped":0,"pct":33.33}}
,"/Users/fibonacci/SW_Dev/Antigravity_Dev/speaksharp/frontend/src/contexts/AuthContext.tsx": {"lines":{"total":2,"covered":0,"skipped":0,"pct":0},"functions":{"total":1,"covered":0,"skipped":0,"pct":0},"statements":{"total":2,"covered":0,"skipped":0,"pct":0},"branches":{"total":1,"covered":0,"skipped":0,"pct":0}}
,"/Users/fibonacci/SW_Dev/Antigravity_Dev/speaksharp/frontend/src/contexts/AuthProvider.tsx": {"lines":{"total":155,"covered":0,"skipped":0,"pct":0},"functions":{"total":1,"covered":0,"skipped":0,"pct":0},"statements":{"total":155,"covered":0,"skipped":0,"pct":0},"branches":{"total":1,"covered":0,"skipped":0,"pct":0}}
,"/Users/fibonacci/SW_Dev/Antigravity_Dev/speaksharp/frontend/src/contexts/ProfileContext.tsx": {"lines":{"total":4,"covered":0,"skipped":0,"pct":0},"functions":{"total":1,"covered":0,"skipped":0,"pct":0},"statements":{"total":4,"covered":0,"skipped":0,"pct":0},"branches":{"total":1,"covered":0,"skipped":0,"pct":0}}
,"/Users/fibonacci/SW_Dev/Antigravity_Dev/speaksharp/frontend/src/hooks/useActiveSessionLock.ts": {"lines":{"total":92,"covered":0,"skipped":0,"pct":0},"functions":{"total":1,"covered":0,"skipped":0,"pct":0},"statements":{"total":92,"covered":0,"skipped":0,"pct":0},"branches":{"total":1,"covered":0,"skipped":0,"pct":0}}
,"/Users/fibonacci/SW_Dev/Antigravity_Dev/speaksharp/frontend/src/hooks/useAnalytics.ts": {"lines":{"total":111,"covered":0,"skipped":0,"pct":0},"functions":{"total":1,"covered":0,"skipped":0,"pct":0},"statements":{"total":111,"covered":0,"skipped":0,"pct":0},"branches":{"total":1,"covered":0,"skipped":0,"pct":0}}
,"/Users/fibonacci/SW_Dev/Antigravity_Dev/speaksharp/frontend/src/hooks/useBrowserSupport.ts": {"lines":{"total":21,"covered":0,"skipped":0,"pct":0},"functions":{"total":1,"covered":0,"skipped":0,"pct":0},"statements":{"total":21,"covered":0,"skipped":0,"pct":0},"branches":{"total":1,"covered":0,"skipped":0,"pct":0}}
,"/Users/fibonacci/SW_Dev/Antigravity_Dev/speaksharp/frontend/src/hooks/useCheckoutNotifications.ts": {"lines":{"total":42,"covered":0,"skipped":0,"pct":0},"functions":{"total":1,"covered":0,"skipped":0,"pct":0},"statements":{"total":42,"covered":0,"skipped":0,"pct":0},"branches":{"total":1,"covered":0,"skipped":0,"pct":0}}
,"/Users/fibonacci/SW_Dev/Antigravity_Dev/speaksharp/frontend/src/hooks/useGoals.ts": {"lines":{"total":67,"covered":58,"skipped":0,"pct":86.56},"functions":{"total":2,"covered":2,"skipped":0,"pct":100},"statements":{"total":67,"covered":58,"skipped":0,"pct":86.56},"branches":{"total":19,"covered":11,"skipped":0,"pct":57.89}}
,"/Users/fibonacci/SW_Dev/Antigravity_Dev/speaksharp/frontend/src/hooks/usePracticeHistory.ts": {"lines":{"total":12,"covered":0,"skipped":0,"pct":0},"functions":{"total":1,"covered":0,"skipped":0,"pct":0},"statements":{"total":12,"covered":0,"skipped":0,"pct":0},"branches":{"total":1,"covered":0,"skipped":0,"pct":0}}
,"/Users/fibonacci/SW_Dev/Antigravity_Dev/speaksharp/frontend/src/hooks/useProfile.ts": {"lines":{"total":9,"covered":0,"skipped":0,"pct":0},"functions":{"total":1,"covered":0,"skipped":0,"pct":0},"statements":{"total":9,"covered":0,"skipped":0,"pct":0},"branches":{"total":1,"covered":0,"skipped":0,"pct":0}}
,"/Users/fibonacci/SW_Dev/Antigravity_Dev/speaksharp/frontend/src/hooks/useSession.ts": {"lines":{"total":12,"covered":0,"skipped":0,"pct":0},"functions":{"total":1,"covered":0,"skipped":0,"pct":0},"statements":{"total":12,"covered":0,"skipped":0,"pct":0},"branches":{"total":1,"covered":0,"skipped":0,"pct":0}}
,"/Users/fibonacci/SW_Dev/Antigravity_Dev/speaksharp/frontend/src/hooks/useSessionLifecycle.ts": {"lines":{"total":284,"covered":0,"skipped":0,"pct":0},"functions":{"total":1,"covered":0,"skipped":0,"pct":0},"statements":{"total":284,"covered":0,"skipped":0,"pct":0},"branches":{"total":1,"covered":0,"skipped":0,"pct":0}}
,"/Users/fibonacci/SW_Dev/Antigravity_Dev/speaksharp/frontend/src/hooks/useSessionManager.ts": {"lines":{"total":89,"covered":0,"skipped":0,"pct":0},"functions":{"total":1,"covered":0,"skipped":0,"pct":0},"statements":{"total":89,"covered":0,"skipped":0,"pct":0},"branches":{"total":1,"covered":0,"skipped":0,"pct":0}}
,"/Users/fibonacci/SW_Dev/Antigravity_Dev/speaksharp/frontend/src/hooks/useSessionMetrics.ts": {"lines":{"total":48,"covered":0,"skipped":0,"pct":0},"functions":{"total":1,"covered":0,"skipped":0,"pct":0},"statements":{"total":48,"covered":0,"skipped":0,"pct":0},"branches":{"total":1,"covered":0,"skipped":0,"pct":0}}
,"/Users/fibonacci/SW_Dev/Antigravity_Dev/speaksharp/frontend/src/hooks/useStreak.ts": {"lines":{"total":44,"covered":0,"skipped":0,"pct":0},"functions":{"total":1,"covered":0,"skipped":0,"pct":0},"statements":{"total":44,"covered":0,"skipped":0,"pct":0},"branches":{"total":1,"covered":0,"skipped":0,"pct":0}}
,"/Users/fibonacci/SW_Dev/Antigravity_Dev/speaksharp/frontend/src/hooks/useUsageLimit.ts": {"lines":{"total":63,"covered":0,"skipped":0,"pct":0},"functions":{"total":1,"covered":0,"skipped":0,"pct":0},"statements":{"total":63,"covered":0,"skipped":0,"pct":0},"branches":{"total":1,"covered":0,"skipped":0,"pct":0}}
,"/Users/fibonacci/SW_Dev/Antigravity_Dev/speaksharp/frontend/src/hooks/useUserFillerWords.ts": {"lines":{"total":109,"covered":0,"skipped":0,"pct":0},"functions":{"total":1,"covered":0,"skipped":0,"pct":0},"statements":{"total":109,"covered":0,"skipped":0,"pct":0},"branches":{"total":1,"covered":0,"skipped":0,"pct":0}}
,"/Users/fibonacci/SW_Dev/Antigravity_Dev/speaksharp/frontend/src/hooks/useUserProfile.ts": {"lines":{"total":81,"covered":0,"skipped":0,"pct":0},"functions":{"total":1,"covered":0,"skipped":0,"pct":0},"statements":{"total":81,"covered":0,"skipped":0,"pct":0},"branches":{"total":1,"covered":0,"skipped":0,"pct":0}}
,"/Users/fibonacci/SW_Dev/Antigravity_Dev/speaksharp/frontend/src/hooks/useVocalAnalysis.ts": {"lines":{"total":56,"covered":0,"skipped":0,"pct":0},"functions":{"total":1,"covered":0,"skipped":0,"pct":0},"statements":{"total":56,"covered":0,"skipped":0,"pct":0},"branches":{"total":1,"covered":0,"skipped":0,"pct":0}}
,"/Users/fibonacci/SW_Dev/Antigravity_Dev/speaksharp/frontend/src/hooks/useSpeechRecognition/types.ts": {"lines":{"total":1,"covered":0,"skipped":0,"pct":0},"functions":{"total":1,"covered":1,"skipped":0,"pct":100},"statements":{"total":1,"covered":0,"skipped":0,"pct":0},"branches":{"total":1,"covered":1,"skipped":0,"pct":100}}
,"/Users/fibonacci/SW_Dev/Antigravity_Dev/speaksharp/frontend/src/hooks/useSpeechRecognition/useFillerWords.ts": {"lines":{"total":92,"covered":0,"skipped":0,"pct":0},"functions":{"total":1,"covered":0,"skipped":0,"pct":0},"statements":{"total":92,"covered":0,"skipped":0,"pct":0},"branches":{"total":1,"covered":0,"skipped":0,"pct":0}}
,"/Users/fibonacci/SW_Dev/Antigravity_Dev/speaksharp/frontend/src/hooks/useSpeechRecognition/useSessionTimer.ts": {"lines":{"total":30,"covered":0,"skipped":0,"pct":0},"functions":{"total":1,"covered":0,"skipped":0,"pct":0},"statements":{"total":30,"covered":0,"skipped":0,"pct":0},"branches":{"total":1,"covered":0,"skipped":0,"pct":0}}
,"/Users/fibonacci/SW_Dev/Antigravity_Dev/speaksharp/frontend/src/hooks/useSpeechRecognition/useSpeechRecognition_prod.ts": {"lines":{"total":145,"covered":0,"skipped":0,"pct":0},"functions":{"total":1,"covered":0,"skipped":0,"pct":0},"statements":{"total":145,"covered":0,"skipped":0,"pct":0},"branches":{"total":1,"covered":0,"skipped":0,"pct":0}}
,"/Users/fibonacci/SW_Dev/Antigravity_Dev/speaksharp/frontend/src/hooks/useSpeechRecognition/useTranscriptionCallbacks.ts": {"lines":{"total":25,"covered":0,"skipped":0,"pct":0},"functions":{"total":1,"covered":0,"skipped":0,"pct":0},"statements":{"total":25,"covered":0,"skipped":0,"pct":0},"branches":{"total":1,"covered":0,"skipped":0,"pct":0}}
,"/Users/fibonacci/SW_Dev/Antigravity_Dev/speaksharp/frontend/src/hooks/useSpeechRecognition/useTranscriptionControl.ts": {"lines":{"total":24,"covered":0,"skipped":0,"pct":0},"functions":{"total":1,"covered":0,"skipped":0,"pct":0},"statements":{"total":24,"covered":0,"skipped":0,"pct":0},"branches":{"total":1,"covered":0,"skipped":0,"pct":0}}
,"/Users/fibonacci/SW_Dev/Antigravity_Dev/speaksharp/frontend/src/hooks/useSpeechRecognition/useTranscriptionService.ts": {"lines":{"total":149,"covered":0,"skipped":0,"pct":0},"functions":{"total":1,"covered":0,"skipped":0,"pct":0},"statements":{"total":149,"covered":0,"skipped":0,"pct":0},"branches":{"total":1,"covered":0,"skipped":0,"pct":0}}
,"/Users/fibonacci/SW_Dev/Antigravity_Dev/speaksharp/frontend/src/hooks/useSpeechRecognition/useTranscriptionState.ts": {"lines":{"total":52,"covered":0,"skipped":0,"pct":0},"functions":{"total":1,"covered":0,"skipped":0,"pct":0},"statements":{"total":52,"covered":0,"skipped":0,"pct":0},"branches":{"total":1,"covered":0,"skipped":0,"pct":0}}
,"/Users/fibonacci/SW_Dev/Antigravity_Dev/speaksharp/frontend/src/hooks/useSpeechRecognition/utils.ts": {"lines":{"total":12,"covered":0,"skipped":0,"pct":0},"functions":{"total":1,"covered":1,"skipped":0,"pct":100},"statements":{"total":12,"covered":0,"skipped":0,"pct":0},"branches":{"total":1,"covered":1,"skipped":0,"pct":100}}
,"/Users/fibonacci/SW_Dev/Antigravity_Dev/speaksharp/frontend/src/lib/analyticsUtils.ts": {"lines":{"total":115,"covered":0,"skipped":0,"pct":0},"functions":{"total":1,"covered":1,"skipped":0,"pct":100},"statements":{"total":115,"covered":0,"skipped":0,"pct":0},"branches":{"total":1,"covered":1,"skipped":0,"pct":100}}
,"/Users/fibonacci/SW_Dev/Antigravity_Dev/speaksharp/frontend/src/lib/canvas.ts": {"lines":{"total":13,"covered":0,"skipped":0,"pct":0},"functions":{"total":1,"covered":1,"skipped":0,"pct":100},"statements":{"total":13,"covered":0,"skipped":0,"pct":0},"branches":{"total":1,"covered":1,"skipped":0,"pct":100}}
,"/Users/fibonacci/SW_Dev/Antigravity_Dev/speaksharp/frontend/src/lib/dateUtils.ts": {"lines":{"total":31,"covered":0,"skipped":0,"pct":0},"functions":{"total":1,"covered":1,"skipped":0,"pct":100},"statements":{"total":31,"covered":0,"skipped":0,"pct":0},"branches":{"total":1,"covered":1,"skipped":0,"pct":100}}
,"/Users/fibonacci/SW_Dev/Antigravity_Dev/speaksharp/frontend/src/lib/e2e-bridge.ts": {"lines":{"total":240,"covered":0,"skipped":0,"pct":0},"functions":{"total":1,"covered":1,"skipped":0,"pct":100},"statements":{"total":240,"covered":0,"skipped":0,"pct":0},"branches":{"total":1,"covered":1,"skipped":0,"pct":100}}
,"/Users/fibonacci/SW_Dev/Antigravity_Dev/speaksharp/frontend/src/lib/globalErrorHandlers.ts": {"lines":{"total":29,"covered":0,"skipped":0,"pct":0},"functions":{"total":1,"covered":0,"skipped":0,"pct":0},"statements":{"total":29,"covered":0,"skipped":0,"pct":0},"branches":{"total":1,"covered":0,"skipped":0,"pct":0}}
,"/Users/fibonacci/SW_Dev/Antigravity_Dev/speaksharp/frontend/src/lib/logger.ts": {"lines":{"total":18,"covered":9,"skipped":0,"pct":50},"functions":{"total":0,"covered":0,"skipped":0,"pct":100},"statements":{"total":18,"covered":9,"skipped":0,"pct":50},"branches":{"total":2,"covered":0,"skipped":0,"pct":0}}
,"/Users/fibonacci/SW_Dev/Antigravity_Dev/speaksharp/frontend/src/lib/mockData.ts": {"lines":{"total":95,"covered":0,"skipped":0,"pct":0},"functions":{"total":1,"covered":0,"skipped":0,"pct":0},"statements":{"total":95,"covered":0,"skipped":0,"pct":0},"branches":{"total":1,"covered":0,"skipped":0,"pct":0}}
,"/Users/fibonacci/SW_Dev/Antigravity_Dev/speaksharp/frontend/src/lib/mockSupabase.ts": {"lines":{"total":65,"covered":3,"skipped":0,"pct":4.61},"functions":{"total":1,"covered":0,"skipped":0,"pct":0},"statements":{"total":65,"covered":3,"skipped":0,"pct":4.61},"branches":{"total":0,"covered":0,"skipped":0,"pct":100}}
,"/Users/fibonacci/SW_Dev/Antigravity_Dev/speaksharp/frontend/src/lib/pdfGenerator.ts": {"lines":{"total":75,"covered":0,"skipped":0,"pct":0},"functions":{"total":1,"covered":0,"skipped":0,"pct":0},"statements":{"total":75,"covered":0,"skipped":0,"pct":0},"branches":{"total":1,"covered":0,"skipped":0,"pct":0}}
,"/Users/fibonacci/SW_Dev/Antigravity_Dev/speaksharp/frontend/src/lib/pdfParser.ts": {"lines":{"total":17,"covered":0,"skipped":0,"pct":0},"functions":{"total":1,"covered":0,"skipped":0,"pct":0},"statements":{"total":17,"covered":0,"skipped":0,"pct":0},"branches":{"total":1,"covered":0,"skipped":0,"pct":0}}
,"/Users/fibonacci/SW_Dev/Antigravity_Dev/speaksharp/frontend/src/lib/processImage.ts": {"lines":{"total":12,"covered":0,"skipped":0,"pct":0},"functions":{"total":1,"covered":0,"skipped":0,"pct":0},"statements":{"total":12,"covered":0,"skipped":0,"pct":0},"branches":{"total":1,"covered":0,"skipped":0,"pct":0}}
,"/Users/fibonacci/SW_Dev/Antigravity_Dev/speaksharp/frontend/src/lib/rateLimiter.ts": {"lines":{"total":42,"covered":0,"skipped":0,"pct":0},"functions":{"total":1,"covered":1,"skipped":0,"pct":100},"statements":{"total":42,"covered":0,"skipped":0,"pct":0},"branches":{"total":1,"covered":1,"skipped":0,"pct":100}}
,"/Users/fibonacci/SW_Dev/Antigravity_Dev/speaksharp/frontend/src/lib/storage.ts": {"lines":{"total":147,"covered":0,"skipped":0,"pct":0},"functions":{"total":1,"covered":0,"skipped":0,"pct":0},"statements":{"total":147,"covered":0,"skipped":0,"pct":0},"branches":{"total":1,"covered":0,"skipped":0,"pct":0}}
,"/Users/fibonacci/SW_Dev/Antigravity_Dev/speaksharp/frontend/src/lib/supabaseClient.ts": {"lines":{"total":32,"covered":5,"skipped":0,"pct":15.62},"functions":{"total":1,"covered":0,"skipped":0,"pct":0},"statements":{"total":32,"covered":5,"skipped":0,"pct":15.62},"branches":{"total":0,"covered":0,"skipped":0,"pct":100}}
,"/Users/fibonacci/SW_Dev/Antigravity_Dev/speaksharp/frontend/src/lib/theme.ts": {"lines":{"total":279,"covered":0,"skipped":0,"pct":0},"functions":{"total":1,"covered":1,"skipped":0,"pct":100},"statements":{"total":279,"covered":0,"skipped":0,"pct":0},"branches":{"total":1,"covered":1,"skipped":0,"pct":100}}
,"/Users/fibonacci/SW_Dev/Antigravity_Dev/speaksharp/frontend/src/lib/toast.ts": {"lines":{"total":35,"covered":0,"skipped":0,"pct":0},"functions":{"total":1,"covered":0,"skipped":0,"pct":0},"statements":{"total":35,"covered":0,"skipped":0,"pct":0},"branches":{"total":1,"covered":0,"skipped":0,"pct":0}}
,"/Users/fibonacci/SW_Dev/Antigravity_Dev/speaksharp/frontend/src/lib/utils.ts": {"lines":{"total":26,"covered":0,"skipped":0,"pct":0},"functions":{"total":1,"covered":0,"skipped":0,"pct":0},"statements":{"total":26,"covered":0,"skipped":0,"pct":0},"branches":{"total":1,"covered":0,"skipped":0,"pct":0}}
,"/Users/fibonacci/SW_Dev/Antigravity_Dev/speaksharp/frontend/src/lib/wer.ts": {"lines":{"total":38,"covered":0,"skipped":0,"pct":0},"functions":{"total":1,"covered":0,"skipped":0,"pct":0},"statements":{"total":38,"covered":0,"skipped":0,"pct":0},"branches":{"total":1,"covered":0,"skipped":0,"pct":0}}
,"/Users/fibonacci/SW_Dev/Antigravity_Dev/speaksharp/frontend/src/mocks/browser.ts": {"lines":{"total":3,"covered":0,"skipped":0,"pct":0},"functions":{"total":1,"covered":1,"skipped":0,"pct":100},"statements":{"total":3,"covered":0,"skipped":0,"pct":0},"branches":{"total":1,"covered":1,"skipped":0,"pct":100}}
,"/Users/fibonacci/SW_Dev/Antigravity_Dev/speaksharp/frontend/src/mocks/handlers.ts": {"lines":{"total":196,"covered":0,"skipped":0,"pct":0},"functions":{"total":1,"covered":0,"skipped":0,"pct":0},"statements":{"total":196,"covered":0,"skipped":0,"pct":0},"branches":{"total":1,"covered":0,"skipped":0,"pct":0}}
,"/Users/fibonacci/SW_Dev/Antigravity_Dev/speaksharp/frontend/src/mocks/test-user-utils.ts": {"lines":{"total":51,"covered":0,"skipped":0,"pct":0},"functions":{"total":1,"covered":1,"skipped":0,"pct":100},"statements":{"total":51,"covered":0,"skipped":0,"pct":0},"branches":{"total":1,"covered":1,"skipped":0,"pct":100}}
,"/Users/fibonacci/SW_Dev/Antigravity_Dev/speaksharp/frontend/src/pages/AnalyticsPage.tsx": {"lines":{"total":149,"covered":0,"skipped":0,"pct":0},"functions":{"total":1,"covered":0,"skipped":0,"pct":0},"statements":{"total":149,"covered":0,"skipped":0,"pct":0},"branches":{"total":1,"covered":0,"skipped":0,"pct":0}}
,"/Users/fibonacci/SW_Dev/Antigravity_Dev/speaksharp/frontend/src/pages/AuthPage.tsx": {"lines":{"total":365,"covered":0,"skipped":0,"pct":0},"functions":{"total":1,"covered":0,"skipped":0,"pct":0},"statements":{"total":365,"covered":0,"skipped":0,"pct":0},"branches":{"total":1,"covered":0,"skipped":0,"pct":0}}
,"/Users/fibonacci/SW_Dev/Antigravity_Dev/speaksharp/frontend/src/pages/ConfigurationNeededPage.tsx": {"lines":{"total":41,"covered":0,"skipped":0,"pct":0},"functions":{"total":1,"covered":0,"skipped":0,"pct":0},"statements":{"total":41,"covered":0,"skipped":0,"pct":0},"branches":{"total":1,"covered":0,"skipped":0,"pct":0}}
,"/Users/fibonacci/SW_Dev/Antigravity_Dev/speaksharp/frontend/src/pages/DesignSystemPage.tsx": {"lines":{"total":144,"covered":0,"skipped":0,"pct":0},"functions":{"total":1,"covered":1,"skipped":0,"pct":100},"statements":{"total":144,"covered":0,"skipped":0,"pct":0},"branches":{"total":1,"covered":1,"skipped":0,"pct":100}}
,"/Users/fibonacci/SW_Dev/Antigravity_Dev/speaksharp/frontend/src/pages/Index.tsx": {"lines":{"total":39,"covered":0,"skipped":0,"pct":0},"functions":{"total":1,"covered":0,"skipped":0,"pct":0},"statements":{"total":39,"covered":0,"skipped":0,"pct":0},"branches":{"total":1,"covered":0,"skipped":0,"pct":0}}
,"/Users/fibonacci/SW_Dev/Antigravity_Dev/speaksharp/frontend/src/pages/MainPage.tsx": {"lines":{"total":20,"covered":0,"skipped":0,"pct":0},"functions":{"total":1,"covered":1,"skipped":0,"pct":100},"statements":{"total":20,"covered":0,"skipped":0,"pct":0},"branches":{"total":1,"covered":1,"skipped":0,"pct":100}}
,"/Users/fibonacci/SW_Dev/Antigravity_Dev/speaksharp/frontend/src/pages/PricingPage.tsx": {"lines":{"total":113,"covered":0,"skipped":0,"pct":0},"functions":{"total":1,"covered":0,"skipped":0,"pct":0},"statements":{"total":113,"covered":0,"skipped":0,"pct":0},"branches":{"total":1,"covered":0,"skipped":0,"pct":0}}
,"/Users/fibonacci/SW_Dev/Antigravity_Dev/speaksharp/frontend/src/pages/SessionPage.tsx": {"lines":{"total":186,"covered":0,"skipped":0,"pct":0},"functions":{"total":1,"covered":0,"skipped":0,"pct":0},"statements":{"total":186,"covered":0,"skipped":0,"pct":0},"branches":{"total":1,"covered":0,"skipped":0,"pct":0}}
,"/Users/fibonacci/SW_Dev/Antigravity_Dev/speaksharp/frontend/src/pages/SignInPage.tsx": {"lines":{"total":149,"covered":0,"skipped":0,"pct":0},"functions":{"total":1,"covered":0,"skipped":0,"pct":0},"statements":{"total":149,"covered":0,"skipped":0,"pct":0},"branches":{"total":1,"covered":0,"skipped":0,"pct":0}}
,"/Users/fibonacci/SW_Dev/Antigravity_Dev/speaksharp/frontend/src/pages/SignUpPage.tsx": {"lines":{"total":134,"covered":0,"skipped":0,"pct":0},"functions":{"total":1,"covered":0,"skipped":0,"pct":0},"statements":{"total":134,"covered":0,"skipped":0,"pct":0},"branches":{"total":1,"covered":0,"skipped":0,"pct":0}}
,"/Users/fibonacci/SW_Dev/Antigravity_Dev/speaksharp/frontend/src/providers/TranscriptionContext.ts": {"lines":{"total":2,"covered":0,"skipped":0,"pct":0},"functions":{"total":1,"covered":0,"skipped":0,"pct":0},"statements":{"total":2,"covered":0,"skipped":0,"pct":0},"branches":{"total":1,"covered":0,"skipped":0,"pct":0}}
,"/Users/fibonacci/SW_Dev/Antigravity_Dev/speaksharp/frontend/src/providers/TranscriptionProvider.tsx": {"lines":{"total":19,"covered":0,"skipped":0,"pct":0},"functions":{"total":1,"covered":0,"skipped":0,"pct":0},"statements":{"total":19,"covered":0,"skipped":0,"pct":0},"branches":{"total":1,"covered":0,"skipped":0,"pct":0}}
,"/Users/fibonacci/SW_Dev/Antigravity_Dev/speaksharp/frontend/src/providers/useTranscriptionContext.ts": {"lines":{"total":9,"covered":0,"skipped":0,"pct":0},"functions":{"total":1,"covered":0,"skipped":0,"pct":0},"statements":{"total":9,"covered":0,"skipped":0,"pct":0},"branches":{"total":1,"covered":0,"skipped":0,"pct":0}}
,"/Users/fibonacci/SW_Dev/Antigravity_Dev/speaksharp/frontend/src/services/domainServices.ts": {"lines":{"total":190,"covered":160,"skipped":0,"pct":84.21},"functions":{"total":13,"covered":13,"skipped":0,"pct":100},"statements":{"total":190,"covered":160,"skipped":0,"pct":84.21},"branches":{"total":31,"covered":20,"skipped":0,"pct":64.51}}
,"/Users/fibonacci/SW_Dev/Antigravity_Dev/speaksharp/frontend/src/services/audio/pauseDetector.ts": {"lines":{"total":101,"covered":0,"skipped":0,"pct":0},"functions":{"total":1,"covered":1,"skipped":0,"pct":100},"statements":{"total":101,"covered":0,"skipped":0,"pct":0},"branches":{"total":1,"covered":1,"skipped":0,"pct":100}}
,"/Users/fibonacci/SW_Dev/Antigravity_Dev/speaksharp/frontend/src/services/transcription/EngineFactory.ts": {"lines":{"total":58,"covered":0,"skipped":0,"pct":0},"functions":{"total":1,"covered":1,"skipped":0,"pct":100},"statements":{"total":58,"covered":0,"skipped":0,"pct":0},"branches":{"total":1,"covered":1,"skipped":0,"pct":100}}
,"/Users/fibonacci/SW_Dev/Antigravity_Dev/speaksharp/frontend/src/services/transcription/FailureManager.ts": {"lines":{"total":32,"covered":0,"skipped":0,"pct":0},"functions":{"total":1,"covered":1,"skipped":0,"pct":100},"statements":{"total":32,"covered":0,"skipped":0,"pct":0},"branches":{"total":1,"covered":1,"skipped":0,"pct":100}}
,"/Users/fibonacci/SW_Dev/Antigravity_Dev/speaksharp/frontend/src/services/transcription/TestRegistry.ts": {"lines":{"total":101,"covered":0,"skipped":0,"pct":0},"functions":{"total":1,"covered":1,"skipped":0,"pct":100},"statements":{"total":101,"covered":0,"skipped":0,"pct":0},"branches":{"total":1,"covered":1,"skipped":0,"pct":100}}
,"/Users/fibonacci/SW_Dev/Antigravity_Dev/speaksharp/frontend/src/services/transcription/TranscriptionFSM.ts": {"lines":{"total":79,"covered":0,"skipped":0,"pct":0},"functions":{"total":1,"covered":0,"skipped":0,"pct":0},"statements":{"total":79,"covered":0,"skipped":0,"pct":0},"branches":{"total":1,"covered":0,"skipped":0,"pct":0}}
,"/Users/fibonacci/SW_Dev/Antigravity_Dev/speaksharp/frontend/src/services/transcription/TranscriptionPolicy.ts": {"lines":{"total":93,"covered":0,"skipped":0,"pct":0},"functions":{"total":1,"covered":1,"skipped":0,"pct":100},"statements":{"total":93,"covered":0,"skipped":0,"pct":0},"branches":{"total":1,"covered":1,"skipped":0,"pct":100}}
,"/Users/fibonacci/SW_Dev/Antigravity_Dev/speaksharp/frontend/src/services/transcription/TranscriptionService.ts": {"lines":{"total":479,"covered":0,"skipped":0,"pct":0},"functions":{"total":1,"covered":0,"skipped":0,"pct":0},"statements":{"total":479,"covered":0,"skipped":0,"pct":0},"branches":{"total":1,"covered":0,"skipped":0,"pct":0}}
,"/Users/fibonacci/SW_Dev/Antigravity_Dev/speaksharp/frontend/src/services/transcription/errors.ts": {"lines":{"total":62,"covered":0,"skipped":0,"pct":0},"functions":{"total":1,"covered":1,"skipped":0,"pct":100},"statements":{"total":62,"covered":0,"skipped":0,"pct":0},"branches":{"total":1,"covered":1,"skipped":0,"pct":100}}
,"/Users/fibonacci/SW_Dev/Antigravity_Dev/speaksharp/frontend/src/services/transcription/engines/IPrivateSTT.ts": {"lines":{"total":0,"covered":0,"skipped":0,"pct":100},"functions":{"total":1,"covered":1,"skipped":0,"pct":100},"statements":{"total":0,"covered":0,"skipped":0,"pct":100},"branches":{"total":1,"covered":1,"skipped":0,"pct":100}}
,"/Users/fibonacci/SW_Dev/Antigravity_Dev/speaksharp/frontend/src/services/transcription/engines/IPrivateSTTEngine.ts": {"lines":{"total":0,"covered":0,"skipped":0,"pct":100},"functions":{"total":1,"covered":1,"skipped":0,"pct":100},"statements":{"total":0,"covered":0,"skipped":0,"pct":100},"branches":{"total":1,"covered":1,"skipped":0,"pct":100}}
,"/Users/fibonacci/SW_Dev/Antigravity_Dev/speaksharp/frontend/src/services/transcription/engines/MockEngine.ts": {"lines":{"total":64,"covered":0,"skipped":0,"pct":0},"functions":{"total":1,"covered":0,"skipped":0,"pct":0},"statements":{"total":64,"covered":0,"skipped":0,"pct":0},"branches":{"total":1,"covered":0,"skipped":0,"pct":0}}
,"/Users/fibonacci/SW_Dev/Antigravity_Dev/speaksharp/frontend/src/services/transcription/engines/PrivateSTT.ts": {"lines":{"total":136,"covered":0,"skipped":0,"pct":0},"functions":{"total":1,"covered":1,"skipped":0,"pct":100},"statements":{"total":136,"covered":0,"skipped":0,"pct":0},"branches":{"total":1,"covered":1,"skipped":0,"pct":100}}
,"/Users/fibonacci/SW_Dev/Antigravity_Dev/speaksharp/frontend/src/services/transcription/engines/TransformersJSEngine.ts": {"lines":{"total":96,"covered":0,"skipped":0,"pct":0},"functions":{"total":1,"covered":1,"skipped":0,"pct":100},"statements":{"total":96,"covered":0,"skipped":0,"pct":0},"branches":{"total":1,"covered":1,"skipped":0,"pct":100}}
,"/Users/fibonacci/SW_Dev/Antigravity_Dev/speaksharp/frontend/src/services/transcription/engines/WhisperEngineRegistry.ts": {"lines":{"total":222,"covered":0,"skipped":0,"pct":0},"functions":{"total":1,"covered":0,"skipped":0,"pct":0},"statements":{"total":222,"covered":0,"skipped":0,"pct":0},"branches":{"total":1,"covered":0,"skipped":0,"pct":0}}
,"/Users/fibonacci/SW_Dev/Antigravity_Dev/speaksharp/frontend/src/services/transcription/engines/WhisperTurboEngine.ts": {"lines":{"total":55,"covered":0,"skipped":0,"pct":0},"functions":{"total":1,"covered":1,"skipped":0,"pct":100},"statements":{"total":55,"covered":0,"skipped":0,"pct":0},"branches":{"total":1,"covered":1,"skipped":0,"pct":100}}
,"/Users/fibonacci/SW_Dev/Antigravity_Dev/speaksharp/frontend/src/services/transcription/modes/CloudAssemblyAI.ts": {"lines":{"total":261,"covered":0,"skipped":0,"pct":0},"functions":{"total":1,"covered":0,"skipped":0,"pct":0},"statements":{"total":261,"covered":0,"skipped":0,"pct":0},"branches":{"total":1,"covered":0,"skipped":0,"pct":0}}
,"/Users/fibonacci/SW_Dev/Antigravity_Dev/speaksharp/frontend/src/services/transcription/modes/NativeBrowser.ts": {"lines":{"total":157,"covered":0,"skipped":0,"pct":0},"functions":{"total":1,"covered":0,"skipped":0,"pct":0},"statements":{"total":157,"covered":0,"skipped":0,"pct":0},"branches":{"total":1,"covered":0,"skipped":0,"pct":0}}
,"/Users/fibonacci/SW_Dev/Antigravity_Dev/speaksharp/frontend/src/services/transcription/modes/PrivateWhisper.ts": {"lines":{"total":212,"covered":0,"skipped":0,"pct":0},"functions":{"total":1,"covered":1,"skipped":0,"pct":100},"statements":{"total":212,"covered":0,"skipped":0,"pct":0},"branches":{"total":1,"covered":1,"skipped":0,"pct":100}}
,"/Users/fibonacci/SW_Dev/Antigravity_Dev/speaksharp/frontend/src/services/transcription/modes/types.ts": {"lines":{"total":22,"covered":0,"skipped":0,"pct":0},"functions":{"total":1,"covered":1,"skipped":0,"pct":100},"statements":{"total":22,"covered":0,"skipped":0,"pct":0},"branches":{"total":1,"covered":1,"skipped":0,"pct":100}}
,"/Users/fibonacci/SW_Dev/Antigravity_Dev/speaksharp/frontend/src/services/transcription/utils/AudioProcessor.ts": {"lines":{"total":158,"covered":0,"skipped":0,"pct":0},"functions":{"total":1,"covered":1,"skipped":0,"pct":100},"statements":{"total":158,"covered":0,"skipped":0,"pct":0},"branches":{"total":1,"covered":1,"skipped":0,"pct":100}}
,"/Users/fibonacci/SW_Dev/Antigravity_Dev/speaksharp/frontend/src/services/transcription/utils/ImmutableCallbackProxy.ts": {"lines":{"total":29,"covered":0,"skipped":0,"pct":0},"functions":{"total":1,"covered":1,"skipped":0,"pct":100},"statements":{"total":29,"covered":0,"skipped":0,"pct":0},"branches":{"total":1,"covered":1,"skipped":0,"pct":100}}
,"/Users/fibonacci/SW_Dev/Antigravity_Dev/speaksharp/frontend/src/services/transcription/utils/audio-processor.worker.ts": {"lines":{"total":84,"covered":0,"skipped":0,"pct":0},"functions":{"total":1,"covered":1,"skipped":0,"pct":100},"statements":{"total":84,"covered":0,"skipped":0,"pct":0},"branches":{"total":1,"covered":1,"skipped":0,"pct":100}}
,"/Users/fibonacci/SW_Dev/Antigravity_Dev/speaksharp/frontend/src/services/transcription/utils/audio-processor.worklet.ts": {"lines":{"total":38,"covered":0,"skipped":0,"pct":0},"functions":{"total":1,"covered":1,"skipped":0,"pct":100},"statements":{"total":38,"covered":0,"skipped":0,"pct":0},"branches":{"total":1,"covered":1,"skipped":0,"pct":100}}
,"/Users/fibonacci/SW_Dev/Antigravity_Dev/speaksharp/frontend/src/services/transcription/utils/audioUtils.impl.ts": {"lines":{"total":88,"covered":0,"skipped":0,"pct":0},"functions":{"total":1,"covered":0,"skipped":0,"pct":0},"statements":{"total":88,"covered":0,"skipped":0,"pct":0},"branches":{"total":1,"covered":0,"skipped":0,"pct":0}}
,"/Users/fibonacci/SW_Dev/Antigravity_Dev/speaksharp/frontend/src/services/transcription/utils/audioUtils.ts": {"lines":{"total":4,"covered":0,"skipped":0,"pct":0},"functions":{"total":1,"covered":1,"skipped":0,"pct":100},"statements":{"total":4,"covered":0,"skipped":0,"pct":0},"branches":{"total":1,"covered":1,"skipped":0,"pct":100}}
,"/Users/fibonacci/SW_Dev/Antigravity_Dev/speaksharp/frontend/src/services/transcription/utils/types.ts": {"lines":{"total":0,"covered":0,"skipped":0,"pct":100},"functions":{"total":1,"covered":1,"skipped":0,"pct":100},"statements":{"total":0,"covered":0,"skipped":0,"pct":100},"branches":{"total":1,"covered":1,"skipped":0,"pct":100}}
,"/Users/fibonacci/SW_Dev/Antigravity_Dev/speaksharp/frontend/src/stores/useSessionStore.ts": {"lines":{"total":89,"covered":40,"skipped":0,"pct":44.94},"functions":{"total":13,"covered":1,"skipped":0,"pct":7.69},"statements":{"total":89,"covered":40,"skipped":0,"pct":44.94},"branches":{"total":3,"covered":2,"skipped":0,"pct":66.66}}
,"/Users/fibonacci/SW_Dev/Antigravity_Dev/speaksharp/frontend/src/tests/setup.ts": {"lines":{"total":55,"covered":0,"skipped":0,"pct":0},"functions":{"total":1,"covered":0,"skipped":0,"pct":0},"statements":{"total":55,"covered":0,"skipped":0,"pct":0},"branches":{"total":1,"covered":0,"skipped":0,"pct":0}}
,"/Users/fibonacci/SW_Dev/Antigravity_Dev/speaksharp/frontend/src/tests/utils/testService.ts": {"lines":{"total":25,"covered":0,"skipped":0,"pct":0},"functions":{"total":1,"covered":1,"skipped":0,"pct":100},"statements":{"total":25,"covered":0,"skipped":0,"pct":0},"branches":{"total":1,"covered":1,"skipped":0,"pct":100}}
,"/Users/fibonacci/SW_Dev/Antigravity_Dev/speaksharp/frontend/src/utils/fetchWithRetry.ts": {"lines":{"total":19,"covered":0,"skipped":0,"pct":0},"functions":{"total":1,"covered":1,"skipped":0,"pct":100},"statements":{"total":19,"covered":0,"skipped":0,"pct":0},"branches":{"total":1,"covered":1,"skipped":0,"pct":100}}
,"/Users/fibonacci/SW_Dev/Antigravity_Dev/speaksharp/frontend/src/utils/fillerWordUtils.ts": {"lines":{"total":125,"covered":0,"skipped":0,"pct":0},"functions":{"total":1,"covered":0,"skipped":0,"pct":0},"statements":{"total":125,"covered":0,"skipped":0,"pct":0},"branches":{"total":1,"covered":0,"skipped":0,"pct":0}}
,"/Users/fibonacci/SW_Dev/Antigravity_Dev/speaksharp/frontend/src/utils/highlightUtils.ts": {"lines":{"total":90,"covered":0,"skipped":0,"pct":0},"functions":{"total":1,"covered":0,"skipped":0,"pct":0},"statements":{"total":90,"covered":0,"skipped":0,"pct":0},"branches":{"total":1,"covered":0,"skipped":0,"pct":0}}
,"/Users/fibonacci/SW_Dev/Antigravity_Dev/speaksharp/frontend/src/utils/safeCompare.ts": {"lines":{"total":13,"covered":0,"skipped":0,"pct":0},"functions":{"total":1,"covered":1,"skipped":0,"pct":100},"statements":{"total":13,"covered":0,"skipped":0,"pct":0},"branches":{"total":1,"covered":1,"skipped":0,"pct":100}}
,"/Users/fibonacci/SW_Dev/Antigravity_Dev/speaksharp/frontend/src/utils/stripeDetection.ts": {"lines":{"total":38,"covered":0,"skipped":0,"pct":0},"functions":{"total":1,"covered":0,"skipped":0,"pct":0},"statements":{"total":38,"covered":0,"skipped":0,"pct":0},"branches":{"total":1,"covered":0,"skipped":0,"pct":0}}
}
