
> speaksharp@0.0.0 test:all /Users/fibonacci/SW_Dev/Antigravity_Dev/speaksharp
> ./scripts/test-audit.sh local

üöÄ Starting Test Audit (Stage: local)...
‚îÅ‚îÅ‚îÅ‚îÅ‚îÅ‚îÅ‚îÅ‚îÅ‚îÅ‚îÅ‚îÅ‚îÅ‚îÅ‚îÅ‚îÅ‚îÅ‚îÅ‚îÅ‚îÅ‚îÅ‚îÅ‚îÅ‚îÅ‚îÅ‚îÅ‚îÅ‚îÅ‚îÅ‚îÅ‚îÅ‚îÅ‚îÅ‚îÅ‚îÅ
üìä SpeakSharp Test Audit Pipeline
‚îÅ‚îÅ‚îÅ‚îÅ‚îÅ‚îÅ‚îÅ‚îÅ‚îÅ‚îÅ‚îÅ‚îÅ‚îÅ‚îÅ‚îÅ‚îÅ‚îÅ‚îÅ‚îÅ‚îÅ‚îÅ‚îÅ‚îÅ‚îÅ‚îÅ‚îÅ‚îÅ‚îÅ‚îÅ‚îÅ‚îÅ‚îÅ‚îÅ‚îÅ
‚úÖ [1/6] Running Preflight Checks...
üîç Running preflight checks...
‚úÖ Preflight checks passed
‚úÖ [1/6] Preflight Checks Passed.
‚úÖ [2/6] Running Code Quality Checks Sequentially...
Running Lint...

> speaksharp@0.0.0 lint /Users/fibonacci/SW_Dev/Antigravity_Dev/speaksharp
> eslint 'frontend/src/**/*.{js,jsx,ts,tsx}' 'tests/**/*.{js,jsx,ts,tsx}' --report-unused-disable-directives --max-warnings 0

Running Typecheck...

> speaksharp@0.0.0 typecheck /Users/fibonacci/SW_Dev/Antigravity_Dev/speaksharp
> cd frontend && tsc --noEmit

src/hooks/useCustomVocabulary.ts(72,37): error TS2339: Property 'MAX_WORDS_PER_USER' does not exist on type '{ readonly MAX_WORD_LENGTH: 50; readonly BASE_CAPACITY: 100; }'.
src/hooks/useCustomVocabulary.ts(73,46): error TS2339: Property 'MAX_WORDS_PER_USER' does not exist on type '{ readonly MAX_WORD_LENGTH: 50; readonly BASE_CAPACITY: 100; }'.
src/hooks/useCustomVocabulary.ts(73,84): error TS2339: Property 'MAX_WORDS_FREE' does not exist on type '{ readonly MAX_WORD_LENGTH: 50; readonly BASE_CAPACITY: 100; }'.
‚ÄâELIFECYCLE‚Äâ Command failed with exit code 2.
‚ùå Typecheck failed.
‚ÄâELIFECYCLE‚Äâ Command failed with exit code 1.
