{"numTotalTestSuites":2,"numPassedTestSuites":0,"numFailedTestSuites":2,"numPendingTestSuites":0,"numTotalTests":7,"numPassedTests":5,"numFailedTests":2,"numPendingTests":0,"numTodoTests":0,"snapshot":{"added":0,"failure":false,"filesAdded":0,"filesRemoved":0,"filesRemovedList":[],"filesUnmatched":0,"filesUpdated":0,"matched":0,"total":0,"unchecked":0,"uncheckedKeysByFile":[],"unmatched":0,"updated":0,"didUpdate":false},"startTime":1775755727384,"success":false,"testResults":[{"assertionResults":[{"ancestorTitles":["PrivateSTT Integration (Facade Logic)"],"fullName":"PrivateSTT Integration (Facade Logic) should use MockEngine when manifest indicates mocking","status":"passed","title":"should use MockEngine when manifest indicates mocking","duration":35.91533300000003,"failureMessages":[],"meta":{}},{"ancestorTitles":["PrivateSTT Integration (Facade Logic)"],"fullName":"PrivateSTT Integration (Facade Logic) should select WhisperTurbo when WebGPU is available","status":"passed","title":"should select WhisperTurbo when WebGPU is available","duration":2.6200830000000224,"failureMessages":[],"meta":{}},{"ancestorTitles":["PrivateSTT Integration (Facade Logic)"],"fullName":"PrivateSTT Integration (Facade Logic) should fallback to TransformersJS if WhisperTurbo fails","status":"passed","title":"should fallback to TransformersJS if WhisperTurbo fails","duration":2.9631669999999986,"failureMessages":[],"meta":{}},{"ancestorTitles":["PrivateSTT Integration (Facade Logic)"],"fullName":"PrivateSTT Integration (Facade Logic) should use TransformersJS immediately if WebGPU is unavailable","status":"failed","title":"should use TransformersJS immediately if WebGPU is unavailable","duration":6.1179579999999305,"failureMessages":["Error: STT_ENGINE_INVALID: Engine missing required method 'pause'. Detected methods in entire chain: init, checkAvailability, prepare, start, stop, destroy, terminate, transcribe, updateHeartbeat, getEngineType, getLastHeartbeatTimestamp, getTranscript, dispose, onTranscriptUpdate, onModelLoadProgress, onReady\n    at validateEngine (/Users/fibonacci/SW_Dev/Antigravity_Dev/speaksharp/frontend/src/contracts/STTEngine.ts:43:13)\n    at PrivateSTT.onInit (/Users/fibonacci/SW_Dev/Antigravity_Dev/speaksharp/frontend/src/services/transcription/engines/PrivateSTT.ts:124:13)\n    at PrivateSTT.init (/Users/fibonacci/SW_Dev/Antigravity_Dev/speaksharp/frontend/src/contracts/STTEngine.ts:98:31)\n    at PrivateSTT.init (/Users/fibonacci/SW_Dev/Antigravity_Dev/speaksharp/frontend/src/services/transcription/engines/PrivateSTT.ts:83:22)\n    at /Users/fibonacci/SW_Dev/Antigravity_Dev/speaksharp/frontend/tests/integration/PrivateSTT.integration.test.ts:162:41\n    at processTicksAndRejections (node:internal/process/task_queues:105:5)\n    at file:///Users/fibonacci/SW_Dev/Antigravity_Dev/speaksharp/node_modules/@vitest/runner/dist/chunk-hooks.js:752:20"],"meta":{}},{"ancestorTitles":["PrivateSTT Integration (Facade Logic)"],"fullName":"PrivateSTT Integration (Facade Logic) should delegate transcription to the active engine","status":"passed","title":"should delegate transcription to the active engine","duration":2.4117499999999836,"failureMessages":[],"meta":{}},{"ancestorTitles":["PrivateSTT Integration (Facade Logic)"],"fullName":"PrivateSTT Integration (Facade Logic) should exercise debug logging in init","status":"failed","title":"should exercise debug logging in init","duration":2.4010419999999613,"failureMessages":["Error: STT_ENGINE_INVALID: Engine missing required method 'pause'. Detected methods in entire chain: init, checkAvailability, prepare, start, stop, destroy, terminate, transcribe, updateHeartbeat, getEngineType, getLastHeartbeatTimestamp, getTranscript, dispose, onTranscriptUpdate, onModelLoadProgress, onReady\n    at validateEngine (/Users/fibonacci/SW_Dev/Antigravity_Dev/speaksharp/frontend/src/contracts/STTEngine.ts:43:13)\n    at PrivateSTT.onInit (/Users/fibonacci/SW_Dev/Antigravity_Dev/speaksharp/frontend/src/services/transcription/engines/PrivateSTT.ts:124:13)\n    at PrivateSTT.init (/Users/fibonacci/SW_Dev/Antigravity_Dev/speaksharp/frontend/src/contracts/STTEngine.ts:98:31)\n    at PrivateSTT.init (/Users/fibonacci/SW_Dev/Antigravity_Dev/speaksharp/frontend/src/services/transcription/engines/PrivateSTT.ts:83:22)\n    at /Users/fibonacci/SW_Dev/Antigravity_Dev/speaksharp/frontend/tests/integration/PrivateSTT.integration.test.ts:196:26\n    at processTicksAndRejections (node:internal/process/task_queues:105:5)\n    at file:///Users/fibonacci/SW_Dev/Antigravity_Dev/speaksharp/node_modules/@vitest/runner/dist/chunk-hooks.js:752:20"],"meta":{}},{"ancestorTitles":["PrivateSTT Integration (Facade Logic)"],"fullName":"PrivateSTT Integration (Facade Logic) should handle WhisperTurbo initialization failure","status":"passed","title":"should handle WhisperTurbo initialization failure","duration":2.518707999999947,"failureMessages":[],"meta":{}}],"startTime":1775755728300,"endTime":1775755728355.5188,"status":"failed","message":"","name":"/Users/fibonacci/SW_Dev/Antigravity_Dev/speaksharp/frontend/tests/integration/PrivateSTT.integration.test.ts"}]}
